09-28 23:57:31 save_dir: ./checkpoints/stock_nwpu
09-28 23:57:31 data_dir: /home/students/s121md106_04/GLoss_processed/NWPU-Train-Val-Test-offset-1
09-28 23:57:31 o_cn: 1
09-28 23:57:31 cost: per
09-28 23:57:31 scale: 0.6
09-28 23:57:31 reach: 0.5
09-28 23:57:31 blur: 0.01
09-28 23:57:31 scaling: 0.5
09-28 23:57:31 tau: 0.1
09-28 23:57:31 p: 1
09-28 23:57:31 d_point: l1
09-28 23:57:31 d_pixel: l2
09-28 23:57:31 lr: 1e-05
09-28 23:57:31 weight_decay: 1e-05
09-28 23:57:31 resume: 
09-28 23:57:31 max_model_num: 1
09-28 23:57:31 max_epoch: 500
09-28 23:57:31 val_epoch: 5
09-28 23:57:31 val_start: 10
09-28 23:57:31 batch_size: 1
09-28 23:57:31 device: 3
09-28 23:57:31 num_workers: 1
09-28 23:57:31 is_gray: False
09-28 23:57:31 crop_size: 512
09-28 23:57:31 downsample_ratio: 8
09-28 23:57:35 -----Epoch 0/499-----
09-29 00:03:25 Epoch 0 Train, Loss: 9.06, MSE: 73.04 MAE: 19.01, Cost 350.3 sec
09-29 00:03:26 -----Epoch 1/499-----
09-29 00:08:52 Epoch 1 Train, Loss: 5.85, MSE: 65.13 MAE: 14.07, Cost 325.7 sec
09-29 00:08:52 -----Epoch 2/499-----
09-29 00:14:31 Epoch 2 Train, Loss: 6.56, MSE: 82.21 MAE: 15.34, Cost 339.2 sec
09-29 00:14:32 -----Epoch 3/499-----
09-29 00:20:11 Epoch 3 Train, Loss: 4.61, MSE: 43.88 MAE: 11.38, Cost 338.9 sec
09-29 00:20:12 -----Epoch 4/499-----
09-29 00:25:56 Epoch 4 Train, Loss: 6.37, MSE: 73.05 MAE: 16.00, Cost 344.9 sec
09-29 00:25:57 -----Epoch 5/499-----
09-29 00:31:42 Epoch 5 Train, Loss: 5.55, MSE: 61.07 MAE: 14.33, Cost 345.6 sec
09-29 00:31:43 -----Epoch 6/499-----
09-29 00:37:30 Epoch 6 Train, Loss: 4.23, MSE: 41.98 MAE: 11.17, Cost 347.2 sec
09-29 00:37:31 -----Epoch 7/499-----
09-29 00:43:23 Epoch 7 Train, Loss: 5.61, MSE: 74.25 MAE: 14.65, Cost 352.2 sec
09-29 00:43:24 -----Epoch 8/499-----
09-29 00:49:07 Epoch 8 Train, Loss: 5.49, MSE: 58.17 MAE: 14.79, Cost 343.9 sec
09-29 00:49:08 -----Epoch 9/499-----
09-29 00:54:45 Epoch 9 Train, Loss: 4.56, MSE: 52.61 MAE: 12.66, Cost 336.6 sec
09-29 00:54:45 -----Epoch 10/499-----
09-29 01:00:26 Epoch 10 Train, Loss: 7.13, MSE: 77.23 MAE: 17.90, Cost 340.7 sec
09-29 01:14:51 val Epoch 10, MSE: 734.60 MAE: 174.67, Cost 864.1 sec
09-29 01:14:51 val save best mse 734.60 mae 174.67 model epoch 10
09-29 01:14:51 Val: Best Epoch 10 Val, MSE: 734.60 MAE: 174.67, Cost 864.4 sec
09-29 01:14:51 -----Epoch 11/499-----
09-29 01:20:46 Epoch 11 Train, Loss: 6.35, MSE: 58.83 MAE: 16.37, Cost 354.4 sec
09-29 01:20:46 -----Epoch 12/499-----
09-29 01:28:34 Epoch 12 Train, Loss: 6.12, MSE: 73.86 MAE: 14.83, Cost 468.1 sec
09-29 01:28:35 -----Epoch 13/499-----
09-29 01:34:18 Epoch 13 Train, Loss: 5.77, MSE: 86.92 MAE: 14.43, Cost 342.5 sec
09-29 01:34:18 -----Epoch 14/499-----
09-29 01:40:00 Epoch 14 Train, Loss: 4.90, MSE: 52.77 MAE: 12.84, Cost 341.5 sec
09-29 01:40:00 -----Epoch 15/499-----
09-29 01:45:40 Epoch 15 Train, Loss: 5.02, MSE: 56.09 MAE: 12.62, Cost 339.7 sec
09-29 01:50:36 val Epoch 15, MSE: 853.37 MAE: 199.16, Cost 295.4 sec
09-29 01:50:36 Val: Best Epoch 10 Val, MSE: 734.60 MAE: 174.67, Cost 295.4 sec
09-29 01:50:36 -----Epoch 16/499-----
09-29 01:59:25 Epoch 16 Train, Loss: 5.24, MSE: 60.06 MAE: 13.30, Cost 528.5 sec
09-29 01:59:25 -----Epoch 17/499-----
09-29 02:11:07 Epoch 17 Train, Loss: 4.65, MSE: 58.12 MAE: 11.63, Cost 702.4 sec
09-29 02:11:08 -----Epoch 18/499-----
09-29 02:16:47 Epoch 18 Train, Loss: 4.72, MSE: 49.31 MAE: 12.16, Cost 339.0 sec
09-29 02:16:48 -----Epoch 19/499-----
09-29 02:22:25 Epoch 19 Train, Loss: 4.79, MSE: 55.46 MAE: 12.45, Cost 337.2 sec
09-29 02:22:26 -----Epoch 20/499-----
09-29 02:28:03 Epoch 20 Train, Loss: 4.14, MSE: 46.57 MAE: 10.77, Cost 337.0 sec
09-29 02:33:27 val Epoch 20, MSE: 669.36 MAE: 127.90, Cost 324.2 sec
09-29 02:33:27 val save best mse 669.36 mae 127.90 model epoch 20
09-29 02:33:28 Val: Best Epoch 20 Val, MSE: 669.36 MAE: 127.90, Cost 324.8 sec
09-29 02:33:28 -----Epoch 21/499-----
09-29 02:42:56 Epoch 21 Train, Loss: 4.03, MSE: 41.71 MAE: 10.77, Cost 567.8 sec
09-29 02:42:56 -----Epoch 22/499-----
09-29 02:55:33 Epoch 22 Train, Loss: 4.23, MSE: 42.67 MAE: 11.43, Cost 756.2 sec
09-29 02:55:33 -----Epoch 23/499-----
09-29 03:01:13 Epoch 23 Train, Loss: 4.58, MSE: 65.14 MAE: 11.16, Cost 339.6 sec
09-29 03:01:13 -----Epoch 24/499-----
09-29 03:05:26 Epoch 24 Train, Loss: 4.04, MSE: 47.15 MAE: 9.96, Cost 252.7 sec
09-29 03:05:26 -----Epoch 25/499-----
09-29 03:09:03 Epoch 25 Train, Loss: 4.06, MSE: 52.43 MAE: 10.97, Cost 216.4 sec
09-29 03:12:05 val Epoch 25, MSE: 552.82 MAE: 95.02, Cost 181.8 sec
09-29 03:12:05 val save best mse 552.82 mae 95.02 model epoch 25
09-29 03:12:05 Val: Best Epoch 25 Val, MSE: 552.82 MAE: 95.02, Cost 182.0 sec
09-29 03:12:05 -----Epoch 26/499-----
09-29 03:15:40 Epoch 26 Train, Loss: 3.79, MSE: 39.24 MAE: 10.19, Cost 214.5 sec
09-29 03:15:40 -----Epoch 27/499-----
09-29 03:19:15 Epoch 27 Train, Loss: 4.17, MSE: 53.90 MAE: 10.79, Cost 214.8 sec
09-29 03:19:15 -----Epoch 28/499-----
09-29 03:22:51 Epoch 28 Train, Loss: 4.71, MSE: 60.60 MAE: 12.42, Cost 215.5 sec
09-29 03:22:51 -----Epoch 29/499-----
09-29 03:26:27 Epoch 29 Train, Loss: 3.82, MSE: 35.65 MAE: 9.92, Cost 215.5 sec
09-29 03:26:27 -----Epoch 30/499-----
09-29 03:30:01 Epoch 30 Train, Loss: 4.15, MSE: 42.03 MAE: 10.25, Cost 214.6 sec
09-29 03:32:44 val Epoch 30, MSE: 540.51 MAE: 94.46, Cost 162.1 sec
09-29 03:32:44 val save best mse 540.51 mae 94.46 model epoch 30
09-29 03:32:44 Val: Best Epoch 30 Val, MSE: 540.51 MAE: 94.46, Cost 162.3 sec
09-29 03:32:44 -----Epoch 31/499-----
09-29 03:36:17 Epoch 31 Train, Loss: 3.89, MSE: 43.36 MAE: 10.31, Cost 212.8 sec
09-29 03:36:17 -----Epoch 32/499-----
09-29 03:39:54 Epoch 32 Train, Loss: 3.49, MSE: 36.14 MAE: 8.97, Cost 216.6 sec
09-29 03:39:54 -----Epoch 33/499-----
09-29 03:43:28 Epoch 33 Train, Loss: 3.90, MSE: 43.47 MAE: 10.82, Cost 213.9 sec
09-29 03:43:29 -----Epoch 34/499-----
09-29 03:47:04 Epoch 34 Train, Loss: 3.83, MSE: 55.16 MAE: 10.45, Cost 215.2 sec
09-29 03:47:04 -----Epoch 35/499-----
09-29 03:50:38 Epoch 35 Train, Loss: 3.30, MSE: 33.46 MAE: 8.51, Cost 214.3 sec
09-29 03:53:21 val Epoch 35, MSE: 542.71 MAE: 100.84, Cost 162.2 sec
09-29 03:53:21 Val: Best Epoch 30 Val, MSE: 540.51 MAE: 94.46, Cost 162.2 sec
09-29 03:53:21 -----Epoch 36/499-----
09-29 03:56:55 Epoch 36 Train, Loss: 4.66, MSE: 78.89 MAE: 11.31, Cost 213.8 sec
09-29 03:56:55 -----Epoch 37/499-----
09-29 04:00:30 Epoch 37 Train, Loss: 3.60, MSE: 40.52 MAE: 9.49, Cost 214.6 sec
09-29 04:00:30 -----Epoch 38/499-----
09-29 04:04:03 Epoch 38 Train, Loss: 3.93, MSE: 60.47 MAE: 9.26, Cost 213.2 sec
09-29 04:04:03 -----Epoch 39/499-----
09-29 04:07:37 Epoch 39 Train, Loss: 3.55, MSE: 49.74 MAE: 9.10, Cost 213.1 sec
09-29 04:07:37 -----Epoch 40/499-----
09-29 04:11:11 Epoch 40 Train, Loss: 3.54, MSE: 43.92 MAE: 9.59, Cost 213.7 sec
09-29 04:13:53 val Epoch 40, MSE: 622.95 MAE: 136.66, Cost 162.4 sec
09-29 04:13:53 Val: Best Epoch 30 Val, MSE: 540.51 MAE: 94.46, Cost 162.4 sec
09-29 04:13:53 -----Epoch 41/499-----
09-29 04:17:28 Epoch 41 Train, Loss: 3.65, MSE: 52.02 MAE: 10.11, Cost 214.9 sec
09-29 04:17:29 -----Epoch 42/499-----
09-29 04:21:04 Epoch 42 Train, Loss: 3.24, MSE: 37.94 MAE: 8.82, Cost 215.1 sec
09-29 04:21:04 -----Epoch 43/499-----
09-29 04:24:38 Epoch 43 Train, Loss: 3.29, MSE: 34.08 MAE: 8.74, Cost 214.3 sec
09-29 04:24:39 -----Epoch 44/499-----
09-29 04:28:12 Epoch 44 Train, Loss: 3.14, MSE: 32.03 MAE: 8.55, Cost 213.2 sec
09-29 04:28:12 -----Epoch 45/499-----
09-29 04:31:47 Epoch 45 Train, Loss: 3.44, MSE: 40.08 MAE: 9.28, Cost 214.8 sec
09-29 04:34:29 val Epoch 45, MSE: 531.21 MAE: 102.50, Cost 162.0 sec
09-29 04:34:29 Val: Best Epoch 30 Val, MSE: 540.51 MAE: 94.46, Cost 162.0 sec
09-29 04:34:29 -----Epoch 46/499-----
09-29 04:38:02 Epoch 46 Train, Loss: 3.69, MSE: 38.49 MAE: 9.20, Cost 212.5 sec
09-29 04:38:02 -----Epoch 47/499-----
09-29 04:41:33 Epoch 47 Train, Loss: 3.51, MSE: 32.03 MAE: 8.78, Cost 211.3 sec
09-29 04:41:34 -----Epoch 48/499-----
09-29 04:45:08 Epoch 48 Train, Loss: 3.59, MSE: 45.55 MAE: 9.12, Cost 214.0 sec
09-29 04:45:08 -----Epoch 49/499-----
09-29 04:48:41 Epoch 49 Train, Loss: 3.61, MSE: 38.61 MAE: 8.95, Cost 213.2 sec
09-29 04:48:41 -----Epoch 50/499-----
09-29 04:52:17 Epoch 50 Train, Loss: 3.42, MSE: 34.00 MAE: 8.66, Cost 215.2 sec
09-29 04:54:59 val Epoch 50, MSE: 645.48 MAE: 109.30, Cost 162.1 sec
09-29 04:54:59 Val: Best Epoch 30 Val, MSE: 540.51 MAE: 94.46, Cost 162.1 sec
09-29 04:54:59 -----Epoch 51/499-----
09-29 04:58:34 Epoch 51 Train, Loss: 3.01, MSE: 27.96 MAE: 7.47, Cost 214.8 sec
09-29 04:58:34 -----Epoch 52/499-----
09-29 05:02:09 Epoch 52 Train, Loss: 3.52, MSE: 55.63 MAE: 9.95, Cost 215.0 sec
09-29 05:02:09 -----Epoch 53/499-----
09-29 05:05:43 Epoch 53 Train, Loss: 3.14, MSE: 26.65 MAE: 8.00, Cost 213.5 sec
09-29 05:05:43 -----Epoch 54/499-----
09-29 05:09:18 Epoch 54 Train, Loss: 2.85, MSE: 27.33 MAE: 7.48, Cost 214.7 sec
09-29 05:09:18 -----Epoch 55/499-----
09-29 05:12:53 Epoch 55 Train, Loss: 3.57, MSE: 48.62 MAE: 9.31, Cost 214.9 sec
09-29 05:15:35 val Epoch 55, MSE: 485.80 MAE: 99.05, Cost 161.8 sec
09-29 05:15:35 Val: Best Epoch 30 Val, MSE: 540.51 MAE: 94.46, Cost 161.8 sec
09-29 05:15:35 -----Epoch 56/499-----
09-29 05:19:09 Epoch 56 Train, Loss: 2.94, MSE: 30.27 MAE: 7.47, Cost 213.8 sec
09-29 05:19:09 -----Epoch 57/499-----
09-29 05:22:43 Epoch 57 Train, Loss: 2.83, MSE: 26.75 MAE: 7.48, Cost 213.8 sec
09-29 05:22:43 -----Epoch 58/499-----
09-29 05:32:35 Epoch 58 Train, Loss: 3.09, MSE: 42.46 MAE: 8.42, Cost 591.7 sec
09-29 05:32:36 -----Epoch 59/499-----
09-29 05:38:21 Epoch 59 Train, Loss: 3.12, MSE: 43.86 MAE: 8.10, Cost 345.0 sec
09-29 05:38:21 -----Epoch 60/499-----
09-29 05:43:58 Epoch 60 Train, Loss: 3.05, MSE: 33.28 MAE: 8.16, Cost 336.8 sec
09-29 05:49:58 val Epoch 60, MSE: 444.02 MAE: 94.68, Cost 359.6 sec
09-29 05:49:58 Val: Best Epoch 30 Val, MSE: 540.51 MAE: 94.46, Cost 359.6 sec
09-29 05:49:58 -----Epoch 61/499-----
09-29 05:55:33 Epoch 61 Train, Loss: 2.84, MSE: 28.63 MAE: 7.24, Cost 335.2 sec
09-29 05:55:34 -----Epoch 62/499-----
09-29 06:01:15 Epoch 62 Train, Loss: 3.27, MSE: 48.15 MAE: 8.92, Cost 340.9 sec
09-29 06:01:16 -----Epoch 63/499-----
09-29 06:06:53 Epoch 63 Train, Loss: 3.03, MSE: 29.31 MAE: 7.37, Cost 337.3 sec
09-29 06:06:53 -----Epoch 64/499-----
09-29 06:12:28 Epoch 64 Train, Loss: 3.08, MSE: 31.66 MAE: 7.89, Cost 334.9 sec
09-29 06:12:29 -----Epoch 65/499-----
09-29 06:18:05 Epoch 65 Train, Loss: 2.97, MSE: 30.21 MAE: 7.51, Cost 335.8 sec
09-29 06:22:14 val Epoch 65, MSE: 482.24 MAE: 79.20, Cost 249.2 sec
09-29 06:22:15 val save best mse 482.24 mae 79.20 model epoch 65
09-29 06:22:15 Val: Best Epoch 65 Val, MSE: 482.24 MAE: 79.20, Cost 249.8 sec
09-29 06:22:15 -----Epoch 66/499-----
09-29 06:32:55 Epoch 66 Train, Loss: 3.17, MSE: 50.85 MAE: 8.75, Cost 640.1 sec
09-29 06:32:56 -----Epoch 67/499-----
09-29 06:41:40 Epoch 67 Train, Loss: 3.24, MSE: 62.10 MAE: 7.80, Cost 524.2 sec
09-29 06:41:41 -----Epoch 68/499-----
09-29 06:47:18 Epoch 68 Train, Loss: 2.83, MSE: 32.15 MAE: 7.22, Cost 337.3 sec
09-29 06:47:19 -----Epoch 69/499-----
09-29 06:52:50 Epoch 69 Train, Loss: 2.72, MSE: 29.29 MAE: 6.96, Cost 331.4 sec
09-29 06:52:51 -----Epoch 70/499-----
09-29 06:58:31 Epoch 70 Train, Loss: 2.48, MSE: 18.06 MAE: 5.95, Cost 339.8 sec
09-29 07:03:55 val Epoch 70, MSE: 404.76 MAE: 86.67, Cost 323.7 sec
09-29 07:03:55 Val: Best Epoch 65 Val, MSE: 482.24 MAE: 79.20, Cost 323.9 sec
09-29 07:03:55 -----Epoch 71/499-----
09-29 07:17:35 Epoch 71 Train, Loss: 2.92, MSE: 36.79 MAE: 8.01, Cost 820.5 sec
09-29 07:17:36 -----Epoch 72/499-----
09-29 07:23:18 Epoch 72 Train, Loss: 2.87, MSE: 26.09 MAE: 7.17, Cost 342.1 sec
09-29 07:23:19 -----Epoch 73/499-----
09-29 07:29:05 Epoch 73 Train, Loss: 2.72, MSE: 27.57 MAE: 7.16, Cost 345.6 sec
09-29 07:29:05 -----Epoch 74/499-----
09-29 07:34:47 Epoch 74 Train, Loss: 3.06, MSE: 49.64 MAE: 8.64, Cost 342.3 sec
09-29 07:34:48 -----Epoch 75/499-----
09-29 07:40:21 Epoch 75 Train, Loss: 2.81, MSE: 24.43 MAE: 6.93, Cost 333.7 sec
09-29 07:44:50 val Epoch 75, MSE: 381.80 MAE: 81.66, Cost 267.7 sec
09-29 07:44:50 Val: Best Epoch 65 Val, MSE: 482.24 MAE: 79.20, Cost 267.8 sec
09-29 07:44:50 -----Epoch 76/499-----
09-29 07:57:55 Epoch 76 Train, Loss: 2.57, MSE: 24.85 MAE: 6.44, Cost 785.1 sec
09-29 07:57:56 -----Epoch 77/499-----
09-29 08:03:31 Epoch 77 Train, Loss: 3.21, MSE: 49.93 MAE: 8.88, Cost 334.7 sec
09-29 08:03:31 -----Epoch 78/499-----
09-29 08:09:17 Epoch 78 Train, Loss: 2.47, MSE: 19.99 MAE: 6.05, Cost 345.6 sec
09-29 08:09:17 -----Epoch 79/499-----
09-29 08:14:58 Epoch 79 Train, Loss: 2.59, MSE: 20.29 MAE: 6.46, Cost 340.7 sec
09-29 08:14:58 -----Epoch 80/499-----
09-29 08:20:37 Epoch 80 Train, Loss: 3.09, MSE: 59.75 MAE: 7.90, Cost 338.2 sec
09-29 08:26:31 val Epoch 80, MSE: 591.33 MAE: 87.41, Cost 354.2 sec
09-29 08:26:32 Val: Best Epoch 65 Val, MSE: 482.24 MAE: 79.20, Cost 354.3 sec
09-29 08:26:32 -----Epoch 81/499-----
09-29 08:37:35 Epoch 81 Train, Loss: 2.91, MSE: 54.00 MAE: 8.02, Cost 663.7 sec
09-29 08:37:36 -----Epoch 82/499-----
09-29 08:43:19 Epoch 82 Train, Loss: 3.17, MSE: 51.41 MAE: 8.62, Cost 343.2 sec
09-29 08:43:19 -----Epoch 83/499-----
09-29 08:49:01 Epoch 83 Train, Loss: 2.61, MSE: 25.62 MAE: 7.00, Cost 341.5 sec
09-29 08:49:01 -----Epoch 84/499-----
09-29 08:54:43 Epoch 84 Train, Loss: 2.87, MSE: 35.41 MAE: 7.62, Cost 341.5 sec
09-29 08:54:43 -----Epoch 85/499-----
09-29 09:00:24 Epoch 85 Train, Loss: 2.77, MSE: 32.54 MAE: 6.69, Cost 341.1 sec
09-29 09:05:46 val Epoch 85, MSE: 440.85 MAE: 81.90, Cost 321.5 sec
09-29 09:05:46 Val: Best Epoch 65 Val, MSE: 482.24 MAE: 79.20, Cost 321.6 sec
09-29 09:05:46 -----Epoch 86/499-----
09-29 09:15:17 Epoch 86 Train, Loss: 2.51, MSE: 23.38 MAE: 6.39, Cost 570.2 sec
09-29 09:15:17 -----Epoch 87/499-----
09-29 09:21:08 Epoch 87 Train, Loss: 2.78, MSE: 33.49 MAE: 7.27, Cost 351.2 sec
09-29 09:21:09 -----Epoch 88/499-----
09-29 09:26:53 Epoch 88 Train, Loss: 2.62, MSE: 31.49 MAE: 6.72, Cost 344.4 sec
09-29 09:26:53 -----Epoch 89/499-----
09-29 09:32:29 Epoch 89 Train, Loss: 2.90, MSE: 28.89 MAE: 7.67, Cost 335.6 sec
09-29 09:32:30 -----Epoch 90/499-----
09-29 09:38:09 Epoch 90 Train, Loss: 2.87, MSE: 42.91 MAE: 7.94, Cost 339.3 sec
09-29 09:42:15 val Epoch 90, MSE: 484.27 MAE: 87.79, Cost 245.3 sec
09-29 09:42:15 Val: Best Epoch 65 Val, MSE: 482.24 MAE: 79.20, Cost 245.4 sec
09-29 09:42:15 -----Epoch 91/499-----
09-29 09:50:12 Epoch 91 Train, Loss: 2.55, MSE: 24.07 MAE: 6.63, Cost 477.3 sec
09-29 09:50:13 -----Epoch 92/499-----
09-29 09:55:53 Epoch 92 Train, Loss: 2.45, MSE: 20.98 MAE: 6.17, Cost 339.7 sec
09-29 09:55:53 -----Epoch 93/499-----
09-29 10:01:35 Epoch 93 Train, Loss: 2.43, MSE: 20.50 MAE: 6.00, Cost 342.1 sec
09-29 10:01:36 -----Epoch 94/499-----
09-29 10:07:09 Epoch 94 Train, Loss: 3.15, MSE: 50.17 MAE: 7.52, Cost 333.1 sec
09-29 10:07:10 -----Epoch 95/499-----
09-29 10:13:00 Epoch 95 Train, Loss: 2.41, MSE: 19.28 MAE: 6.02, Cost 350.0 sec
09-29 10:17:06 val Epoch 95, MSE: 490.39 MAE: 86.56, Cost 246.2 sec
09-29 10:17:06 Val: Best Epoch 65 Val, MSE: 482.24 MAE: 79.20, Cost 246.2 sec
09-29 10:17:06 -----Epoch 96/499-----
09-29 10:25:51 Epoch 96 Train, Loss: 2.70, MSE: 38.97 MAE: 7.36, Cost 524.8 sec
09-29 10:25:52 -----Epoch 97/499-----
09-29 10:31:24 Epoch 97 Train, Loss: 2.94, MSE: 68.99 MAE: 8.22, Cost 332.1 sec
09-29 10:31:24 -----Epoch 98/499-----
09-29 10:37:08 Epoch 98 Train, Loss: 2.44, MSE: 21.99 MAE: 6.05, Cost 343.9 sec
09-29 10:37:09 -----Epoch 99/499-----
09-29 10:42:53 Epoch 99 Train, Loss: 2.61, MSE: 26.34 MAE: 6.83, Cost 343.8 sec
09-29 10:42:53 -----Epoch 100/499-----
09-29 10:48:39 Epoch 100 Train, Loss: 2.58, MSE: 26.52 MAE: 6.42, Cost 346.3 sec
09-29 10:52:07 val Epoch 100, MSE: 405.24 MAE: 73.82, Cost 207.6 sec
09-29 10:52:07 val save best mse 405.24 mae 73.82 model epoch 100
09-29 10:52:07 Val: Best Epoch 100 Val, MSE: 405.24 MAE: 73.82, Cost 207.8 sec
09-29 10:52:07 -----Epoch 101/499-----
09-29 10:58:03 Epoch 101 Train, Loss: 2.53, MSE: 22.75 MAE: 6.39, Cost 355.1 sec
09-29 10:58:04 -----Epoch 102/499-----
09-29 11:03:50 Epoch 102 Train, Loss: 2.54, MSE: 22.28 MAE: 6.33, Cost 346.5 sec
09-29 11:03:50 -----Epoch 103/499-----
09-29 11:09:30 Epoch 103 Train, Loss: 2.44, MSE: 21.19 MAE: 5.99, Cost 339.6 sec
09-29 11:09:31 -----Epoch 104/499-----
09-29 11:15:10 Epoch 104 Train, Loss: 2.45, MSE: 21.00 MAE: 6.10, Cost 339.7 sec
09-29 11:15:11 -----Epoch 105/499-----
09-29 11:20:52 Epoch 105 Train, Loss: 2.46, MSE: 25.48 MAE: 6.40, Cost 341.3 sec
09-29 11:24:29 val Epoch 105, MSE: 534.32 MAE: 78.01, Cost 215.9 sec
09-29 11:24:29 Val: Best Epoch 100 Val, MSE: 405.24 MAE: 73.82, Cost 215.9 sec
09-29 11:24:29 -----Epoch 106/499-----
09-29 11:30:48 Epoch 106 Train, Loss: 2.79, MSE: 38.72 MAE: 7.58, Cost 379.5 sec
09-29 11:30:49 -----Epoch 107/499-----
09-29 11:36:31 Epoch 107 Train, Loss: 2.52, MSE: 27.17 MAE: 6.28, Cost 342.1 sec
09-29 11:36:32 -----Epoch 108/499-----
09-29 11:44:31 Epoch 108 Train, Loss: 3.09, MSE: 42.81 MAE: 8.25, Cost 479.5 sec
09-29 11:44:32 -----Epoch 109/499-----
09-29 11:50:09 Epoch 109 Train, Loss: 2.50, MSE: 20.75 MAE: 5.98, Cost 336.7 sec
09-29 11:50:09 -----Epoch 110/499-----
09-29 11:55:47 Epoch 110 Train, Loss: 2.64, MSE: 26.63 MAE: 6.25, Cost 338.3 sec
09-29 11:58:44 val Epoch 110, MSE: 541.75 MAE: 103.06, Cost 176.0 sec
09-29 11:58:44 Val: Best Epoch 100 Val, MSE: 405.24 MAE: 73.82, Cost 176.1 sec
09-29 11:58:44 -----Epoch 111/499-----
09-29 12:04:37 Epoch 111 Train, Loss: 2.53, MSE: 35.70 MAE: 6.26, Cost 352.5 sec
09-29 12:04:37 -----Epoch 112/499-----
09-29 12:10:26 Epoch 112 Train, Loss: 2.48, MSE: 25.98 MAE: 6.32, Cost 349.4 sec
09-29 12:10:27 -----Epoch 113/499-----
09-29 12:16:08 Epoch 113 Train, Loss: 2.93, MSE: 41.81 MAE: 7.47, Cost 341.4 sec
09-29 12:16:09 -----Epoch 114/499-----
09-29 12:21:46 Epoch 114 Train, Loss: 2.28, MSE: 18.09 MAE: 5.32, Cost 337.5 sec
09-29 12:21:47 -----Epoch 115/499-----
09-29 12:27:20 Epoch 115 Train, Loss: 2.35, MSE: 21.42 MAE: 5.73, Cost 332.7 sec
09-29 12:30:26 val Epoch 115, MSE: 739.08 MAE: 183.06, Cost 185.5 sec
09-29 12:30:26 Val: Best Epoch 100 Val, MSE: 405.24 MAE: 73.82, Cost 185.5 sec
09-29 12:30:26 -----Epoch 116/499-----
09-29 12:36:05 Epoch 116 Train, Loss: 2.37, MSE: 19.70 MAE: 5.87, Cost 338.7 sec
09-29 12:36:05 -----Epoch 117/499-----
09-29 12:41:45 Epoch 117 Train, Loss: 2.50, MSE: 25.86 MAE: 6.17, Cost 339.6 sec
09-29 12:41:46 -----Epoch 118/499-----
09-29 12:47:28 Epoch 118 Train, Loss: 2.48, MSE: 34.23 MAE: 6.73, Cost 342.9 sec
09-29 12:47:29 -----Epoch 119/499-----
09-29 12:53:09 Epoch 119 Train, Loss: 2.39, MSE: 27.58 MAE: 6.07, Cost 340.4 sec
09-29 12:53:10 -----Epoch 120/499-----
09-29 12:58:58 Epoch 120 Train, Loss: 2.47, MSE: 37.64 MAE: 6.35, Cost 348.0 sec
09-29 13:02:04 val Epoch 120, MSE: 443.35 MAE: 72.70, Cost 184.9 sec
09-29 13:02:04 val save best mse 443.35 mae 72.70 model epoch 120
09-29 13:02:04 Val: Best Epoch 120 Val, MSE: 443.35 MAE: 72.70, Cost 185.3 sec
09-29 13:02:04 -----Epoch 121/499-----
09-29 13:07:41 Epoch 121 Train, Loss: 2.29, MSE: 18.29 MAE: 5.45, Cost 337.1 sec
09-29 13:07:42 -----Epoch 122/499-----
09-29 13:13:20 Epoch 122 Train, Loss: 2.61, MSE: 27.18 MAE: 6.46, Cost 338.8 sec
09-29 13:13:21 -----Epoch 123/499-----
09-29 13:17:15 Epoch 123 Train, Loss: 2.53, MSE: 34.51 MAE: 6.63, Cost 233.9 sec
09-29 13:17:15 -----Epoch 124/499-----
09-29 13:20:49 Epoch 124 Train, Loss: 2.48, MSE: 24.18 MAE: 5.98, Cost 213.8 sec
09-29 13:20:49 -----Epoch 125/499-----
09-29 13:24:22 Epoch 125 Train, Loss: 2.47, MSE: 35.44 MAE: 6.61, Cost 213.0 sec
09-29 13:27:21 val Epoch 125, MSE: 438.56 MAE: 75.53, Cost 178.4 sec
09-29 13:27:21 Val: Best Epoch 120 Val, MSE: 443.35 MAE: 72.70, Cost 178.5 sec
09-29 13:27:21 -----Epoch 126/499-----
09-29 13:30:57 Epoch 126 Train, Loss: 2.45, MSE: 21.72 MAE: 6.17, Cost 215.4 sec
09-29 13:30:57 -----Epoch 127/499-----
09-29 13:34:30 Epoch 127 Train, Loss: 2.32, MSE: 20.57 MAE: 5.87, Cost 213.2 sec
09-29 13:34:30 -----Epoch 128/499-----
09-29 13:38:02 Epoch 128 Train, Loss: 2.80, MSE: 28.76 MAE: 7.04, Cost 211.5 sec
09-29 13:38:02 -----Epoch 129/499-----
09-29 13:41:35 Epoch 129 Train, Loss: 2.30, MSE: 24.85 MAE: 5.42, Cost 212.6 sec
09-29 13:41:35 -----Epoch 130/499-----
09-29 13:45:08 Epoch 130 Train, Loss: 2.46, MSE: 23.92 MAE: 5.56, Cost 212.9 sec
09-29 13:47:53 val Epoch 130, MSE: 414.95 MAE: 70.95, Cost 164.6 sec
09-29 13:47:53 val save best mse 414.95 mae 70.95 model epoch 130
09-29 13:47:53 Val: Best Epoch 130 Val, MSE: 414.95 MAE: 70.95, Cost 164.9 sec
09-29 13:47:53 -----Epoch 131/499-----
09-29 13:51:27 Epoch 131 Train, Loss: 2.38, MSE: 24.81 MAE: 6.03, Cost 213.9 sec
09-29 13:51:28 -----Epoch 132/499-----
09-29 13:55:00 Epoch 132 Train, Loss: 2.57, MSE: 41.20 MAE: 7.12, Cost 212.5 sec
09-29 13:55:00 -----Epoch 133/499-----
09-29 13:58:31 Epoch 133 Train, Loss: 2.21, MSE: 15.89 MAE: 5.14, Cost 210.4 sec
09-29 13:58:31 -----Epoch 134/499-----
09-29 14:02:03 Epoch 134 Train, Loss: 2.31, MSE: 23.70 MAE: 5.46, Cost 211.8 sec
09-29 14:02:03 -----Epoch 135/499-----
09-29 14:05:35 Epoch 135 Train, Loss: 2.26, MSE: 17.97 MAE: 5.19, Cost 211.8 sec
09-29 14:08:21 val Epoch 135, MSE: 515.47 MAE: 81.55, Cost 165.7 sec
09-29 14:08:21 Val: Best Epoch 130 Val, MSE: 414.95 MAE: 70.95, Cost 165.7 sec
09-29 14:08:21 -----Epoch 136/499-----
09-29 14:11:54 Epoch 136 Train, Loss: 2.28, MSE: 25.10 MAE: 5.73, Cost 213.2 sec
09-29 14:11:55 -----Epoch 137/499-----
09-29 14:15:26 Epoch 137 Train, Loss: 2.48, MSE: 34.33 MAE: 6.36, Cost 211.2 sec
09-29 14:15:26 -----Epoch 138/499-----
09-29 14:18:59 Epoch 138 Train, Loss: 2.50, MSE: 36.39 MAE: 6.79, Cost 212.8 sec
09-29 14:18:59 -----Epoch 139/499-----
09-29 14:22:32 Epoch 139 Train, Loss: 2.33, MSE: 19.19 MAE: 5.40, Cost 212.5 sec
09-29 14:22:32 -----Epoch 140/499-----
09-29 14:26:02 Epoch 140 Train, Loss: 2.31, MSE: 22.58 MAE: 5.79, Cost 210.2 sec
09-29 14:28:47 val Epoch 140, MSE: 560.56 MAE: 86.43, Cost 164.4 sec
09-29 14:28:47 Val: Best Epoch 130 Val, MSE: 414.95 MAE: 70.95, Cost 164.4 sec
09-29 14:28:47 -----Epoch 141/499-----
09-29 14:32:18 Epoch 141 Train, Loss: 2.46, MSE: 28.12 MAE: 5.75, Cost 211.2 sec
09-29 14:32:18 -----Epoch 142/499-----
09-29 14:35:50 Epoch 142 Train, Loss: 2.18, MSE: 19.35 MAE: 5.09, Cost 211.4 sec
09-29 14:35:50 -----Epoch 143/499-----
09-29 14:39:23 Epoch 143 Train, Loss: 2.41, MSE: 33.25 MAE: 6.50, Cost 212.9 sec
09-29 14:39:23 -----Epoch 144/499-----
09-29 14:42:56 Epoch 144 Train, Loss: 2.26, MSE: 20.27 MAE: 5.52, Cost 212.3 sec
09-29 14:42:56 -----Epoch 145/499-----
09-29 14:46:27 Epoch 145 Train, Loss: 2.29, MSE: 21.28 MAE: 5.66, Cost 211.5 sec
09-29 14:49:47 val Epoch 145, MSE: 563.64 MAE: 81.72, Cost 199.3 sec
09-29 14:49:48 Val: Best Epoch 130 Val, MSE: 414.95 MAE: 70.95, Cost 199.8 sec
09-29 14:49:48 -----Epoch 146/499-----
09-29 14:58:11 Epoch 146 Train, Loss: 2.28, MSE: 24.44 MAE: 5.85, Cost 503.7 sec
09-29 14:58:12 -----Epoch 147/499-----
09-29 15:01:44 Epoch 147 Train, Loss: 2.66, MSE: 43.41 MAE: 6.92, Cost 211.5 sec
09-29 15:01:44 -----Epoch 148/499-----
09-29 15:05:17 Epoch 148 Train, Loss: 2.25, MSE: 19.41 MAE: 5.06, Cost 212.8 sec
09-29 15:05:17 -----Epoch 149/499-----
09-29 15:08:49 Epoch 149 Train, Loss: 2.81, MSE: 29.46 MAE: 6.66, Cost 212.0 sec
09-29 15:08:49 -----Epoch 150/499-----
09-29 15:12:22 Epoch 150 Train, Loss: 2.26, MSE: 26.94 MAE: 5.45, Cost 213.2 sec
09-29 15:16:00 val Epoch 150, MSE: 464.49 MAE: 77.31, Cost 217.2 sec
09-29 15:16:00 Val: Best Epoch 130 Val, MSE: 414.95 MAE: 70.95, Cost 217.2 sec
09-29 15:16:00 -----Epoch 151/499-----
09-29 15:19:31 Epoch 151 Train, Loss: 2.67, MSE: 30.60 MAE: 6.89, Cost 211.2 sec
09-29 15:19:31 -----Epoch 152/499-----
09-29 15:23:03 Epoch 152 Train, Loss: 2.19, MSE: 22.58 MAE: 5.32, Cost 211.1 sec
09-29 15:23:03 -----Epoch 153/499-----
09-29 15:26:36 Epoch 153 Train, Loss: 2.41, MSE: 27.03 MAE: 5.92, Cost 213.0 sec
09-29 15:26:36 -----Epoch 154/499-----
09-29 15:30:07 Epoch 154 Train, Loss: 2.35, MSE: 19.30 MAE: 5.42, Cost 210.7 sec
09-29 15:30:07 -----Epoch 155/499-----
09-29 15:33:38 Epoch 155 Train, Loss: 2.18, MSE: 18.74 MAE: 5.08, Cost 211.0 sec
09-29 15:36:21 val Epoch 155, MSE: 601.86 MAE: 110.74, Cost 162.6 sec
09-29 15:36:21 Val: Best Epoch 130 Val, MSE: 414.95 MAE: 70.95, Cost 162.7 sec
09-29 15:36:21 -----Epoch 156/499-----
09-29 15:39:53 Epoch 156 Train, Loss: 2.24, MSE: 27.26 MAE: 6.04, Cost 212.0 sec
09-29 15:39:53 -----Epoch 157/499-----
09-29 15:43:24 Epoch 157 Train, Loss: 2.24, MSE: 20.96 MAE: 5.30, Cost 211.0 sec
09-29 15:43:25 -----Epoch 158/499-----
09-29 15:46:56 Epoch 158 Train, Loss: 2.18, MSE: 20.35 MAE: 5.55, Cost 210.8 sec
09-29 15:46:56 -----Epoch 159/499-----
09-29 15:50:28 Epoch 159 Train, Loss: 2.39, MSE: 22.93 MAE: 5.78, Cost 211.8 sec
09-29 15:50:28 -----Epoch 160/499-----
09-29 15:54:01 Epoch 160 Train, Loss: 2.17, MSE: 21.28 MAE: 5.46, Cost 213.3 sec
09-29 15:56:43 val Epoch 160, MSE: 289.44 MAE: 69.89, Cost 162.0 sec
09-29 15:56:43 val save best mse 289.44 mae 69.89 model epoch 160
09-29 15:56:44 Val: Best Epoch 160 Val, MSE: 289.44 MAE: 69.89, Cost 162.5 sec
09-29 15:56:44 -----Epoch 161/499-----
09-29 16:00:17 Epoch 161 Train, Loss: 2.25, MSE: 20.04 MAE: 5.53, Cost 213.1 sec
09-29 16:00:17 -----Epoch 162/499-----
09-29 16:03:50 Epoch 162 Train, Loss: 2.21, MSE: 19.86 MAE: 5.23, Cost 212.9 sec
09-29 16:03:51 -----Epoch 163/499-----
09-29 16:07:24 Epoch 163 Train, Loss: 2.14, MSE: 16.27 MAE: 4.87, Cost 213.8 sec
09-29 16:07:25 -----Epoch 164/499-----
09-29 16:10:58 Epoch 164 Train, Loss: 2.21, MSE: 25.53 MAE: 5.63, Cost 213.0 sec
09-29 16:10:58 -----Epoch 165/499-----
09-29 16:14:30 Epoch 165 Train, Loss: 2.52, MSE: 38.37 MAE: 6.59, Cost 211.9 sec
09-29 16:17:13 val Epoch 165, MSE: 487.33 MAE: 79.75, Cost 162.8 sec
09-29 16:17:13 Val: Best Epoch 160 Val, MSE: 289.44 MAE: 69.89, Cost 162.8 sec
09-29 16:17:13 -----Epoch 166/499-----
09-29 16:20:42 Epoch 166 Train, Loss: 2.14, MSE: 21.32 MAE: 5.24, Cost 209.3 sec
09-29 16:20:43 -----Epoch 167/499-----
09-29 16:24:15 Epoch 167 Train, Loss: 2.15, MSE: 21.10 MAE: 5.36, Cost 212.3 sec
09-29 16:24:15 -----Epoch 168/499-----
09-29 16:27:47 Epoch 168 Train, Loss: 2.40, MSE: 40.21 MAE: 6.42, Cost 212.2 sec
09-29 16:27:48 -----Epoch 169/499-----
09-29 16:31:21 Epoch 169 Train, Loss: 2.45, MSE: 31.64 MAE: 6.25, Cost 213.0 sec
09-29 16:31:21 -----Epoch 170/499-----
09-29 16:35:06 Epoch 170 Train, Loss: 3.31, MSE: 64.21 MAE: 7.79, Cost 224.8 sec
09-29 16:38:34 val Epoch 170, MSE: 556.97 MAE: 80.60, Cost 207.0 sec
09-29 16:38:34 Val: Best Epoch 160 Val, MSE: 289.44 MAE: 69.89, Cost 207.0 sec
09-29 16:38:34 -----Epoch 171/499-----
09-29 16:44:15 Epoch 171 Train, Loss: 2.34, MSE: 37.51 MAE: 5.97, Cost 340.8 sec
09-29 16:44:15 -----Epoch 172/499-----
09-29 16:49:53 Epoch 172 Train, Loss: 2.07, MSE: 15.30 MAE: 4.56, Cost 338.1 sec
09-29 16:49:54 -----Epoch 173/499-----
09-29 16:55:41 Epoch 173 Train, Loss: 2.15, MSE: 17.52 MAE: 5.02, Cost 347.3 sec
09-29 16:55:42 -----Epoch 174/499-----
09-29 17:01:24 Epoch 174 Train, Loss: 2.22, MSE: 25.27 MAE: 5.51, Cost 341.9 sec
09-29 17:01:24 -----Epoch 175/499-----
09-29 17:07:07 Epoch 175 Train, Loss: 2.08, MSE: 17.58 MAE: 4.90, Cost 343.2 sec
09-29 17:10:27 val Epoch 175, MSE: 548.07 MAE: 79.96, Cost 198.9 sec
09-29 17:10:27 Val: Best Epoch 160 Val, MSE: 289.44 MAE: 69.89, Cost 199.0 sec
09-29 17:10:27 -----Epoch 176/499-----
09-29 17:16:18 Epoch 176 Train, Loss: 2.17, MSE: 20.34 MAE: 5.40, Cost 351.5 sec
09-29 17:16:19 -----Epoch 177/499-----
09-29 17:21:55 Epoch 177 Train, Loss: 2.46, MSE: 33.09 MAE: 6.25, Cost 336.5 sec
09-29 17:21:56 -----Epoch 178/499-----
09-29 17:26:07 Epoch 178 Train, Loss: 2.17, MSE: 16.50 MAE: 5.12, Cost 251.3 sec
09-29 17:26:07 -----Epoch 179/499-----
09-29 17:30:24 Epoch 179 Train, Loss: 2.35, MSE: 29.32 MAE: 6.23, Cost 256.4 sec
09-29 17:30:25 -----Epoch 180/499-----
09-29 17:35:57 Epoch 180 Train, Loss: 2.19, MSE: 19.84 MAE: 5.21, Cost 332.1 sec
09-29 17:38:48 val Epoch 180, MSE: 394.10 MAE: 67.32, Cost 171.0 sec
09-29 17:38:48 val save best mse 394.10 mae 67.32 model epoch 180
09-29 17:38:48 Val: Best Epoch 180 Val, MSE: 394.10 MAE: 67.32, Cost 171.5 sec
09-29 17:38:48 -----Epoch 181/499-----
09-29 17:44:21 Epoch 181 Train, Loss: 2.15, MSE: 21.82 MAE: 5.28, Cost 333.0 sec
09-29 17:44:22 -----Epoch 182/499-----
09-29 17:49:50 Epoch 182 Train, Loss: 2.28, MSE: 24.06 MAE: 5.84, Cost 327.8 sec
09-29 17:49:50 -----Epoch 183/499-----
09-29 17:55:16 Epoch 183 Train, Loss: 2.07, MSE: 16.66 MAE: 4.74, Cost 325.9 sec
09-29 17:55:17 -----Epoch 184/499-----
09-29 18:00:52 Epoch 184 Train, Loss: 2.45, MSE: 26.63 MAE: 6.18, Cost 335.2 sec
09-29 18:00:52 -----Epoch 185/499-----
09-29 18:06:24 Epoch 185 Train, Loss: 2.27, MSE: 20.13 MAE: 5.38, Cost 331.8 sec
09-29 18:09:16 val Epoch 185, MSE: 398.04 MAE: 72.85, Cost 171.2 sec
09-29 18:09:16 Val: Best Epoch 180 Val, MSE: 394.10 MAE: 67.32, Cost 171.2 sec
09-29 18:09:16 -----Epoch 186/499-----
09-29 18:14:42 Epoch 186 Train, Loss: 2.02, MSE: 14.84 MAE: 4.55, Cost 325.8 sec
09-29 18:14:43 -----Epoch 187/499-----
09-29 18:20:19 Epoch 187 Train, Loss: 2.19, MSE: 26.61 MAE: 5.60, Cost 336.9 sec
09-29 18:20:20 -----Epoch 188/499-----
09-29 18:25:37 Epoch 188 Train, Loss: 2.20, MSE: 27.12 MAE: 5.74, Cost 316.8 sec
09-29 18:25:37 -----Epoch 189/499-----
09-29 18:30:58 Epoch 189 Train, Loss: 2.40, MSE: 30.52 MAE: 5.93, Cost 321.0 sec
09-29 18:30:59 -----Epoch 190/499-----
09-29 18:36:19 Epoch 190 Train, Loss: 3.03, MSE: 59.99 MAE: 6.54, Cost 319.8 sec
09-29 18:39:01 val Epoch 190, MSE: 492.13 MAE: 81.01, Cost 161.8 sec
09-29 18:39:01 Val: Best Epoch 180 Val, MSE: 394.10 MAE: 67.32, Cost 161.8 sec
09-29 18:39:01 -----Epoch 191/499-----
09-29 18:42:31 Epoch 191 Train, Loss: 2.26, MSE: 20.55 MAE: 5.02, Cost 210.6 sec
09-29 18:42:32 -----Epoch 192/499-----
09-29 18:46:02 Epoch 192 Train, Loss: 2.02, MSE: 15.04 MAE: 4.60, Cost 209.8 sec
09-29 18:46:02 -----Epoch 193/499-----
09-29 18:49:33 Epoch 193 Train, Loss: 2.08, MSE: 21.59 MAE: 5.40, Cost 211.3 sec
09-29 18:49:34 -----Epoch 194/499-----
09-29 18:53:03 Epoch 194 Train, Loss: 2.28, MSE: 18.32 MAE: 5.50, Cost 209.9 sec
09-29 18:53:04 -----Epoch 195/499-----
09-29 18:56:33 Epoch 195 Train, Loss: 2.13, MSE: 19.97 MAE: 5.12, Cost 209.2 sec
09-29 18:59:16 val Epoch 195, MSE: 371.51 MAE: 75.20, Cost 162.5 sec
09-29 18:59:16 Val: Best Epoch 180 Val, MSE: 394.10 MAE: 67.32, Cost 162.5 sec
09-29 18:59:16 -----Epoch 196/499-----
09-29 19:02:48 Epoch 196 Train, Loss: 2.06, MSE: 16.83 MAE: 4.92, Cost 211.9 sec
09-29 19:02:48 -----Epoch 197/499-----
09-29 19:06:20 Epoch 197 Train, Loss: 2.11, MSE: 16.92 MAE: 4.78, Cost 212.0 sec
09-29 19:06:21 -----Epoch 198/499-----
09-29 19:09:53 Epoch 198 Train, Loss: 2.16, MSE: 35.15 MAE: 5.37, Cost 212.3 sec
09-29 19:09:53 -----Epoch 199/499-----
09-29 19:13:27 Epoch 199 Train, Loss: 2.33, MSE: 48.57 MAE: 6.04, Cost 213.6 sec
09-29 19:13:27 -----Epoch 200/499-----
09-29 19:17:01 Epoch 200 Train, Loss: 2.60, MSE: 61.26 MAE: 6.38, Cost 214.1 sec
09-29 19:19:45 val Epoch 200, MSE: 491.63 MAE: 75.28, Cost 163.6 sec
09-29 19:19:45 Val: Best Epoch 180 Val, MSE: 394.10 MAE: 67.32, Cost 163.6 sec
09-29 19:19:45 -----Epoch 201/499-----
09-29 19:23:17 Epoch 201 Train, Loss: 2.25, MSE: 33.56 MAE: 5.89, Cost 211.8 sec
09-29 19:23:18 -----Epoch 202/499-----
09-29 19:26:52 Epoch 202 Train, Loss: 2.32, MSE: 32.47 MAE: 5.75, Cost 214.3 sec
09-29 19:26:52 -----Epoch 203/499-----
09-29 19:30:27 Epoch 203 Train, Loss: 2.22, MSE: 31.59 MAE: 5.33, Cost 214.5 sec
09-29 19:30:27 -----Epoch 204/499-----
09-29 19:33:59 Epoch 204 Train, Loss: 2.39, MSE: 34.54 MAE: 5.93, Cost 211.9 sec
09-29 19:33:59 -----Epoch 205/499-----
09-29 19:37:30 Epoch 205 Train, Loss: 2.09, MSE: 17.40 MAE: 4.65, Cost 210.8 sec
09-29 19:40:13 val Epoch 205, MSE: 321.70 MAE: 66.07, Cost 162.5 sec
09-29 19:40:13 val save best mse 321.70 mae 66.07 model epoch 205
09-29 19:40:14 Val: Best Epoch 205 Val, MSE: 321.70 MAE: 66.07, Cost 163.1 sec
09-29 19:40:14 -----Epoch 206/499-----
09-29 19:43:47 Epoch 206 Train, Loss: 2.06, MSE: 16.59 MAE: 4.59, Cost 213.2 sec
09-29 19:43:47 -----Epoch 207/499-----
09-29 19:47:21 Epoch 207 Train, Loss: 2.04, MSE: 20.14 MAE: 4.99, Cost 214.0 sec
09-29 19:47:21 -----Epoch 208/499-----
09-29 19:56:15 Epoch 208 Train, Loss: 2.19, MSE: 27.95 MAE: 5.69, Cost 533.8 sec
09-29 19:56:16 -----Epoch 209/499-----
09-29 20:02:50 Epoch 209 Train, Loss: 2.34, MSE: 34.23 MAE: 5.87, Cost 394.2 sec
09-29 20:02:50 -----Epoch 210/499-----
09-29 20:06:24 Epoch 210 Train, Loss: 2.24, MSE: 32.32 MAE: 5.77, Cost 213.4 sec
09-29 20:09:06 val Epoch 210, MSE: 494.72 MAE: 85.47, Cost 162.0 sec
09-29 20:09:06 Val: Best Epoch 205 Val, MSE: 321.70 MAE: 66.07, Cost 162.0 sec
09-29 20:09:06 -----Epoch 211/499-----
09-29 20:12:39 Epoch 211 Train, Loss: 2.23, MSE: 46.00 MAE: 5.88, Cost 213.5 sec
09-29 20:12:40 -----Epoch 212/499-----
09-29 20:16:11 Epoch 212 Train, Loss: 2.10, MSE: 23.12 MAE: 5.03, Cost 211.9 sec
09-29 20:16:12 -----Epoch 213/499-----
09-29 20:19:44 Epoch 213 Train, Loss: 2.15, MSE: 23.84 MAE: 5.26, Cost 212.3 sec
09-29 20:19:44 -----Epoch 214/499-----
09-29 20:23:16 Epoch 214 Train, Loss: 2.13, MSE: 18.84 MAE: 5.05, Cost 211.3 sec
09-29 20:23:16 -----Epoch 215/499-----
09-29 20:26:49 Epoch 215 Train, Loss: 2.16, MSE: 25.07 MAE: 5.54, Cost 213.2 sec
09-29 20:29:31 val Epoch 215, MSE: 481.90 MAE: 77.68, Cost 161.1 sec
09-29 20:29:31 Val: Best Epoch 205 Val, MSE: 321.70 MAE: 66.07, Cost 161.1 sec
09-29 20:29:31 -----Epoch 216/499-----
09-29 20:33:02 Epoch 216 Train, Loss: 2.15, MSE: 33.84 MAE: 5.74, Cost 211.4 sec
09-29 20:33:02 -----Epoch 217/499-----
09-29 20:42:52 Epoch 217 Train, Loss: 2.33, MSE: 26.79 MAE: 5.23, Cost 589.9 sec
09-29 20:42:53 -----Epoch 218/499-----
09-29 20:46:26 Epoch 218 Train, Loss: 2.05, MSE: 20.73 MAE: 5.03, Cost 213.3 sec
09-29 20:46:26 -----Epoch 219/499-----
09-29 20:50:00 Epoch 219 Train, Loss: 2.11, MSE: 25.15 MAE: 5.23, Cost 213.4 sec
09-29 20:50:00 -----Epoch 220/499-----
09-29 20:53:33 Epoch 220 Train, Loss: 2.01, MSE: 19.00 MAE: 4.56, Cost 213.1 sec
09-29 20:56:15 val Epoch 220, MSE: 470.97 MAE: 74.08, Cost 161.4 sec
09-29 20:56:15 Val: Best Epoch 205 Val, MSE: 321.70 MAE: 66.07, Cost 161.4 sec
09-29 20:56:15 -----Epoch 221/499-----
09-29 20:59:44 Epoch 221 Train, Loss: 1.92, MSE: 16.51 MAE: 4.25, Cost 209.1 sec
09-29 20:59:44 -----Epoch 222/499-----
09-29 21:04:13 Epoch 222 Train, Loss: 2.08, MSE: 16.71 MAE: 4.90, Cost 268.8 sec
09-29 21:04:15 -----Epoch 223/499-----
09-29 21:15:15 Epoch 223 Train, Loss: 2.36, MSE: 39.53 MAE: 6.27, Cost 660.1 sec
09-29 21:15:16 -----Epoch 224/499-----
09-29 21:20:47 Epoch 224 Train, Loss: 1.97, MSE: 15.25 MAE: 4.27, Cost 331.3 sec
09-29 21:20:48 -----Epoch 225/499-----
09-29 21:26:21 Epoch 225 Train, Loss: 2.16, MSE: 23.73 MAE: 5.45, Cost 332.7 sec
09-29 21:29:14 val Epoch 225, MSE: 563.23 MAE: 81.36, Cost 172.6 sec
09-29 21:29:14 Val: Best Epoch 205 Val, MSE: 321.70 MAE: 66.07, Cost 172.6 sec
09-29 21:29:14 -----Epoch 226/499-----
09-29 21:34:34 Epoch 226 Train, Loss: 2.05, MSE: 19.51 MAE: 4.95, Cost 320.0 sec
09-29 21:34:34 -----Epoch 227/499-----
09-29 21:40:03 Epoch 227 Train, Loss: 1.88, MSE: 13.91 MAE: 4.18, Cost 329.3 sec
09-29 21:40:04 -----Epoch 228/499-----
09-29 21:45:36 Epoch 228 Train, Loss: 2.98, MSE: 57.14 MAE: 6.88, Cost 332.1 sec
09-29 21:45:37 -----Epoch 229/499-----
09-29 21:51:01 Epoch 229 Train, Loss: 2.10, MSE: 40.60 MAE: 5.08, Cost 324.8 sec
09-29 21:51:02 -----Epoch 230/499-----
09-29 21:54:33 Epoch 230 Train, Loss: 2.40, MSE: 30.34 MAE: 5.79, Cost 211.5 sec
09-29 21:57:15 val Epoch 230, MSE: 532.52 MAE: 74.29, Cost 161.2 sec
09-29 21:57:15 Val: Best Epoch 205 Val, MSE: 321.70 MAE: 66.07, Cost 161.2 sec
09-29 21:57:15 -----Epoch 231/499-----
09-29 22:00:46 Epoch 231 Train, Loss: 2.10, MSE: 25.32 MAE: 5.08, Cost 211.0 sec
09-29 22:00:46 -----Epoch 232/499-----
09-29 22:04:19 Epoch 232 Train, Loss: 2.38, MSE: 22.16 MAE: 5.35, Cost 213.1 sec
09-29 22:04:19 -----Epoch 233/499-----
09-29 22:12:07 Epoch 233 Train, Loss: 2.31, MSE: 24.19 MAE: 5.43, Cost 467.7 sec
09-29 22:12:08 -----Epoch 234/499-----
09-29 22:15:46 Epoch 234 Train, Loss: 1.98, MSE: 19.17 MAE: 4.71, Cost 217.9 sec
09-29 22:15:46 -----Epoch 235/499-----
09-29 22:20:24 Epoch 235 Train, Loss: 2.12, MSE: 18.35 MAE: 5.20, Cost 277.9 sec
09-29 22:25:32 val Epoch 235, MSE: 485.06 MAE: 72.04, Cost 307.0 sec
09-29 22:25:32 Val: Best Epoch 205 Val, MSE: 321.70 MAE: 66.07, Cost 307.1 sec
09-29 22:25:32 -----Epoch 236/499-----
09-29 22:32:30 Epoch 236 Train, Loss: 2.10, MSE: 22.14 MAE: 5.27, Cost 418.1 sec
09-29 22:32:31 -----Epoch 237/499-----
09-29 22:39:55 Epoch 237 Train, Loss: 2.14, MSE: 18.74 MAE: 5.03, Cost 444.0 sec
09-29 22:39:56 -----Epoch 238/499-----
09-29 22:46:19 Epoch 238 Train, Loss: 2.03, MSE: 15.19 MAE: 4.63, Cost 383.7 sec
09-29 22:46:20 -----Epoch 239/499-----
09-29 22:53:08 Epoch 239 Train, Loss: 2.03, MSE: 18.37 MAE: 4.68, Cost 408.5 sec
09-29 22:53:09 -----Epoch 240/499-----
09-29 23:00:16 Epoch 240 Train, Loss: 2.01, MSE: 14.54 MAE: 4.53, Cost 426.4 sec
09-29 23:04:24 val Epoch 240, MSE: 474.13 MAE: 76.06, Cost 248.0 sec
09-29 23:04:24 Val: Best Epoch 205 Val, MSE: 321.70 MAE: 66.07, Cost 248.0 sec
09-29 23:04:24 -----Epoch 241/499-----
09-29 23:11:19 Epoch 241 Train, Loss: 1.96, MSE: 12.83 MAE: 4.24, Cost 414.9 sec
09-29 23:11:20 -----Epoch 242/499-----
09-29 23:18:33 Epoch 242 Train, Loss: 2.02, MSE: 18.14 MAE: 4.70, Cost 433.3 sec
09-29 23:18:34 -----Epoch 243/499-----
09-29 23:24:02 Epoch 243 Train, Loss: 2.10, MSE: 25.58 MAE: 5.24, Cost 328.2 sec
09-29 23:24:03 -----Epoch 244/499-----
09-29 23:31:59 Epoch 244 Train, Loss: 1.97, MSE: 17.91 MAE: 4.51, Cost 476.0 sec
09-29 23:32:00 -----Epoch 245/499-----
09-29 23:38:10 Epoch 245 Train, Loss: 2.11, MSE: 37.23 MAE: 5.44, Cost 370.0 sec
09-29 23:44:40 val Epoch 245, MSE: 444.63 MAE: 68.38, Cost 390.0 sec
09-29 23:44:40 Val: Best Epoch 205 Val, MSE: 321.70 MAE: 66.07, Cost 390.1 sec
09-29 23:44:40 -----Epoch 246/499-----
09-29 23:52:56 Epoch 246 Train, Loss: 2.10, MSE: 21.66 MAE: 5.03, Cost 495.5 sec
09-29 23:52:57 -----Epoch 247/499-----
09-29 23:58:59 Epoch 247 Train, Loss: 2.01, MSE: 14.64 MAE: 4.35, Cost 362.2 sec
09-29 23:58:59 -----Epoch 248/499-----
09-30 00:05:56 Epoch 248 Train, Loss: 3.16, MSE: 55.51 MAE: 7.15, Cost 416.7 sec
09-30 00:05:57 -----Epoch 249/499-----
09-30 00:14:26 Epoch 249 Train, Loss: 1.95, MSE: 16.03 MAE: 4.29, Cost 509.1 sec
09-30 00:14:26 -----Epoch 250/499-----
09-30 00:22:35 Epoch 250 Train, Loss: 2.00, MSE: 14.49 MAE: 4.48, Cost 488.9 sec
09-30 00:30:43 val Epoch 250, MSE: 469.63 MAE: 80.05, Cost 487.3 sec
09-30 00:30:43 Val: Best Epoch 205 Val, MSE: 321.70 MAE: 66.07, Cost 487.3 sec
09-30 00:30:43 -----Epoch 251/499-----
09-30 00:38:01 Epoch 251 Train, Loss: 2.12, MSE: 29.44 MAE: 5.53, Cost 437.3 sec
09-30 00:38:01 -----Epoch 252/499-----
09-30 00:44:40 Epoch 252 Train, Loss: 1.95, MSE: 20.46 MAE: 4.64, Cost 399.0 sec
09-30 00:44:41 -----Epoch 253/499-----
09-30 00:50:21 Epoch 253 Train, Loss: 2.15, MSE: 21.87 MAE: 5.03, Cost 339.6 sec
09-30 00:50:21 -----Epoch 254/499-----
09-30 00:57:37 Epoch 254 Train, Loss: 2.16, MSE: 21.42 MAE: 4.97, Cost 435.6 sec
09-30 00:57:37 -----Epoch 255/499-----
09-30 01:03:46 Epoch 255 Train, Loss: 1.98, MSE: 14.42 MAE: 4.36, Cost 369.0 sec
09-30 01:10:31 val Epoch 255, MSE: 581.86 MAE: 92.71, Cost 404.1 sec
09-30 01:10:31 Val: Best Epoch 205 Val, MSE: 321.70 MAE: 66.07, Cost 404.2 sec
09-30 01:10:31 -----Epoch 256/499-----
09-30 01:17:12 Epoch 256 Train, Loss: 1.99, MSE: 30.77 MAE: 4.83, Cost 401.5 sec
09-30 01:17:13 -----Epoch 257/499-----
09-30 01:22:46 Epoch 257 Train, Loss: 2.17, MSE: 24.00 MAE: 5.26, Cost 332.4 sec
09-30 01:22:46 -----Epoch 258/499-----
09-30 01:30:11 Epoch 258 Train, Loss: 2.10, MSE: 22.32 MAE: 4.87, Cost 444.7 sec
09-30 01:30:11 -----Epoch 259/499-----
09-30 01:36:13 Epoch 259 Train, Loss: 2.01, MSE: 17.87 MAE: 4.72, Cost 362.0 sec
09-30 01:36:14 -----Epoch 260/499-----
09-30 01:42:39 Epoch 260 Train, Loss: 1.88, MSE: 15.98 MAE: 4.31, Cost 384.9 sec
09-30 01:47:45 val Epoch 260, MSE: 533.16 MAE: 74.73, Cost 305.4 sec
09-30 01:47:45 Val: Best Epoch 205 Val, MSE: 321.70 MAE: 66.07, Cost 305.4 sec
09-30 01:47:45 -----Epoch 261/499-----
09-30 01:54:07 Epoch 261 Train, Loss: 1.94, MSE: 14.29 MAE: 4.29, Cost 381.4 sec
09-30 01:54:07 -----Epoch 262/499-----
09-30 02:00:51 Epoch 262 Train, Loss: 1.91, MSE: 15.00 MAE: 4.25, Cost 404.0 sec
09-30 02:00:52 -----Epoch 263/499-----
09-30 02:07:06 Epoch 263 Train, Loss: 1.96, MSE: 19.34 MAE: 4.69, Cost 374.6 sec
09-30 02:07:07 -----Epoch 264/499-----
09-30 02:12:47 Epoch 264 Train, Loss: 2.23, MSE: 38.96 MAE: 5.47, Cost 339.8 sec
09-30 02:12:47 -----Epoch 265/499-----
09-30 02:20:06 Epoch 265 Train, Loss: 2.08, MSE: 33.26 MAE: 5.30, Cost 439.1 sec
09-30 02:25:42 val Epoch 265, MSE: 421.14 MAE: 66.63, Cost 335.0 sec
09-30 02:25:42 Val: Best Epoch 205 Val, MSE: 321.70 MAE: 66.07, Cost 335.0 sec
09-30 02:25:42 -----Epoch 266/499-----
09-30 02:32:51 Epoch 266 Train, Loss: 2.00, MSE: 17.45 MAE: 4.74, Cost 428.7 sec
09-30 02:32:51 -----Epoch 267/499-----
09-30 02:39:35 Epoch 267 Train, Loss: 2.05, MSE: 24.19 MAE: 4.92, Cost 403.7 sec
09-30 02:39:36 -----Epoch 268/499-----
09-30 02:45:20 Epoch 268 Train, Loss: 1.93, MSE: 19.72 MAE: 4.44, Cost 344.2 sec
09-30 02:45:20 -----Epoch 269/499-----
09-30 02:52:45 Epoch 269 Train, Loss: 1.92, MSE: 13.71 MAE: 4.20, Cost 444.3 sec
09-30 02:52:45 -----Epoch 270/499-----
09-30 02:58:44 Epoch 270 Train, Loss: 1.89, MSE: 16.14 MAE: 4.25, Cost 359.0 sec
09-30 03:03:33 val Epoch 270, MSE: 542.34 MAE: 70.44, Cost 288.6 sec
09-30 03:03:33 Val: Best Epoch 205 Val, MSE: 321.70 MAE: 66.07, Cost 288.6 sec
09-30 03:03:33 -----Epoch 271/499-----
09-30 03:10:49 Epoch 271 Train, Loss: 1.88, MSE: 17.72 MAE: 4.37, Cost 435.8 sec
09-30 03:10:49 -----Epoch 272/499-----
09-30 03:16:19 Epoch 272 Train, Loss: 1.92, MSE: 17.68 MAE: 4.52, Cost 329.2 sec
09-30 03:16:19 -----Epoch 273/499-----
09-30 03:23:04 Epoch 273 Train, Loss: 1.87, MSE: 13.82 MAE: 4.20, Cost 404.4 sec
09-30 03:23:04 -----Epoch 274/499-----
09-30 03:29:36 Epoch 274 Train, Loss: 1.96, MSE: 17.37 MAE: 4.74, Cost 391.6 sec
09-30 03:29:36 -----Epoch 275/499-----
09-30 03:35:19 Epoch 275 Train, Loss: 2.07, MSE: 34.28 MAE: 5.29, Cost 342.3 sec
09-30 03:39:25 val Epoch 275, MSE: 502.12 MAE: 79.47, Cost 246.1 sec
09-30 03:39:25 Val: Best Epoch 205 Val, MSE: 321.70 MAE: 66.07, Cost 246.2 sec
09-30 03:39:25 -----Epoch 276/499-----
09-30 03:46:18 Epoch 276 Train, Loss: 2.16, MSE: 40.68 MAE: 5.34, Cost 412.8 sec
09-30 03:46:19 -----Epoch 277/499-----
09-30 03:51:54 Epoch 277 Train, Loss: 2.13, MSE: 25.71 MAE: 4.67, Cost 335.1 sec
09-30 03:51:54 -----Epoch 278/499-----
09-30 03:59:19 Epoch 278 Train, Loss: 1.96, MSE: 18.01 MAE: 4.64, Cost 444.3 sec
09-30 03:59:19 -----Epoch 279/499-----
09-30 04:05:52 Epoch 279 Train, Loss: 1.94, MSE: 17.21 MAE: 4.22, Cost 392.7 sec
09-30 04:05:53 -----Epoch 280/499-----
09-30 04:11:44 Epoch 280 Train, Loss: 2.12, MSE: 23.83 MAE: 5.30, Cost 351.8 sec
09-30 04:17:10 val Epoch 280, MSE: 431.01 MAE: 73.83, Cost 325.6 sec
09-30 04:17:10 Val: Best Epoch 205 Val, MSE: 321.70 MAE: 66.07, Cost 325.6 sec
09-30 04:17:10 -----Epoch 281/499-----
09-30 04:23:24 Epoch 281 Train, Loss: 1.88, MSE: 13.04 MAE: 3.96, Cost 374.0 sec
09-30 04:23:25 -----Epoch 282/499-----
09-30 04:29:56 Epoch 282 Train, Loss: 2.02, MSE: 19.62 MAE: 4.54, Cost 390.8 sec
09-30 04:29:56 -----Epoch 283/499-----
09-30 04:36:46 Epoch 283 Train, Loss: 1.93, MSE: 18.64 MAE: 4.45, Cost 409.7 sec
09-30 04:36:46 -----Epoch 284/499-----
09-30 04:42:18 Epoch 284 Train, Loss: 1.87, MSE: 14.29 MAE: 4.18, Cost 331.9 sec
09-30 04:42:19 -----Epoch 285/499-----
09-30 04:49:33 Epoch 285 Train, Loss: 2.22, MSE: 20.72 MAE: 5.21, Cost 434.7 sec
09-30 04:54:27 val Epoch 285, MSE: 518.03 MAE: 76.97, Cost 293.3 sec
09-30 04:54:27 Val: Best Epoch 205 Val, MSE: 321.70 MAE: 66.07, Cost 293.4 sec
09-30 04:54:27 -----Epoch 286/499-----
09-30 05:00:32 Epoch 286 Train, Loss: 1.90, MSE: 17.18 MAE: 4.52, Cost 364.7 sec
09-30 05:00:33 -----Epoch 287/499-----
09-30 05:07:57 Epoch 287 Train, Loss: 2.15, MSE: 21.84 MAE: 5.00, Cost 444.6 sec
09-30 05:07:58 -----Epoch 288/499-----
09-30 05:14:03 Epoch 288 Train, Loss: 1.93, MSE: 14.63 MAE: 4.18, Cost 365.7 sec
09-30 05:14:04 -----Epoch 289/499-----
09-30 05:20:27 Epoch 289 Train, Loss: 2.11, MSE: 22.08 MAE: 5.05, Cost 383.6 sec
09-30 05:20:28 -----Epoch 290/499-----
09-30 05:27:49 Epoch 290 Train, Loss: 2.18, MSE: 24.48 MAE: 5.13, Cost 441.2 sec
09-30 05:32:09 val Epoch 290, MSE: 431.45 MAE: 64.68, Cost 259.4 sec
09-30 05:32:09 val save best mse 431.45 mae 64.68 model epoch 290
09-30 05:32:10 Val: Best Epoch 290 Val, MSE: 431.45 MAE: 64.68, Cost 260.0 sec
09-30 05:32:10 -----Epoch 291/499-----
09-30 05:39:27 Epoch 291 Train, Loss: 1.89, MSE: 14.73 MAE: 4.07, Cost 437.6 sec
09-30 05:39:28 -----Epoch 292/499-----
09-30 05:46:27 Epoch 292 Train, Loss: 2.04, MSE: 20.65 MAE: 4.95, Cost 419.1 sec
09-30 05:46:27 -----Epoch 293/499-----
09-30 05:51:48 Epoch 293 Train, Loss: 1.99, MSE: 32.37 MAE: 5.07, Cost 320.8 sec
09-30 05:51:48 -----Epoch 294/499-----
09-30 05:58:49 Epoch 294 Train, Loss: 2.00, MSE: 22.21 MAE: 4.66, Cost 420.2 sec
09-30 05:58:49 -----Epoch 295/499-----
09-30 06:04:44 Epoch 295 Train, Loss: 1.88, MSE: 13.40 MAE: 4.12, Cost 355.0 sec
09-30 06:09:47 val Epoch 295, MSE: 473.25 MAE: 67.76, Cost 302.0 sec
09-30 06:09:47 Val: Best Epoch 290 Val, MSE: 431.45 MAE: 64.68, Cost 302.0 sec
09-30 06:09:47 -----Epoch 296/499-----
09-30 06:16:53 Epoch 296 Train, Loss: 1.99, MSE: 15.30 MAE: 4.45, Cost 425.6 sec
09-30 06:16:53 -----Epoch 297/499-----
09-30 06:22:37 Epoch 297 Train, Loss: 1.88, MSE: 13.82 MAE: 4.07, Cost 343.9 sec
09-30 06:22:38 -----Epoch 298/499-----
09-30 06:29:16 Epoch 298 Train, Loss: 1.95, MSE: 17.85 MAE: 4.51, Cost 398.2 sec
09-30 06:29:17 -----Epoch 299/499-----
09-30 06:35:43 Epoch 299 Train, Loss: 1.81, MSE: 16.43 MAE: 3.93, Cost 386.4 sec
09-30 06:35:44 -----Epoch 300/499-----
09-30 06:41:30 Epoch 300 Train, Loss: 2.02, MSE: 31.63 MAE: 5.25, Cost 345.8 sec
09-30 06:46:43 val Epoch 300, MSE: 509.79 MAE: 71.16, Cost 312.6 sec
09-30 06:46:43 Val: Best Epoch 290 Val, MSE: 431.45 MAE: 64.68, Cost 312.6 sec
09-30 06:46:43 -----Epoch 301/499-----
09-30 06:53:01 Epoch 301 Train, Loss: 1.99, MSE: 15.59 MAE: 4.45, Cost 378.5 sec
09-30 06:53:02 -----Epoch 302/499-----
09-30 06:58:58 Epoch 302 Train, Loss: 1.80, MSE: 13.73 MAE: 3.90, Cost 355.8 sec
09-30 06:58:58 -----Epoch 303/499-----
09-30 07:06:18 Epoch 303 Train, Loss: 1.89, MSE: 15.31 MAE: 4.16, Cost 439.8 sec
09-30 07:06:18 -----Epoch 304/499-----
09-30 07:11:49 Epoch 304 Train, Loss: 1.82, MSE: 13.85 MAE: 4.09, Cost 331.1 sec
09-30 07:11:50 -----Epoch 305/499-----
09-30 07:18:48 Epoch 305 Train, Loss: 1.84, MSE: 17.04 MAE: 4.27, Cost 418.7 sec
09-30 07:22:57 val Epoch 305, MSE: 389.33 MAE: 75.53, Cost 248.2 sec
09-30 07:22:57 Val: Best Epoch 290 Val, MSE: 431.45 MAE: 64.68, Cost 248.2 sec
09-30 07:22:57 -----Epoch 306/499-----
09-30 07:29:06 Epoch 306 Train, Loss: 2.04, MSE: 26.94 MAE: 4.64, Cost 369.2 sec
09-30 07:29:06 -----Epoch 307/499-----
09-30 07:36:21 Epoch 307 Train, Loss: 1.94, MSE: 21.79 MAE: 4.61, Cost 434.4 sec
09-30 07:36:21 -----Epoch 308/499-----
09-30 07:42:06 Epoch 308 Train, Loss: 2.64, MSE: 39.18 MAE: 6.14, Cost 345.3 sec
09-30 07:42:07 -----Epoch 309/499-----
09-30 07:48:21 Epoch 309 Train, Loss: 2.46, MSE: 32.72 MAE: 6.07, Cost 374.6 sec
09-30 07:48:22 -----Epoch 310/499-----
09-30 07:55:13 Epoch 310 Train, Loss: 1.89, MSE: 15.75 MAE: 4.21, Cost 410.5 sec
09-30 07:59:53 val Epoch 310, MSE: 384.93 MAE: 61.99, Cost 279.7 sec
09-30 07:59:53 val save best mse 384.93 mae 61.99 model epoch 310
09-30 07:59:54 Val: Best Epoch 310 Val, MSE: 384.93 MAE: 61.99, Cost 280.4 sec
09-30 07:59:54 -----Epoch 311/499-----
09-30 08:07:18 Epoch 311 Train, Loss: 1.97, MSE: 14.80 MAE: 4.12, Cost 444.6 sec
09-30 08:07:19 -----Epoch 312/499-----
09-30 08:13:41 Epoch 312 Train, Loss: 1.82, MSE: 13.77 MAE: 3.94, Cost 381.2 sec
09-30 08:13:41 -----Epoch 313/499-----
09-30 08:19:31 Epoch 313 Train, Loss: 2.21, MSE: 46.74 MAE: 5.27, Cost 350.3 sec
09-30 08:19:32 -----Epoch 314/499-----
09-30 08:26:41 Epoch 314 Train, Loss: 1.86, MSE: 16.05 MAE: 4.27, Cost 429.2 sec
09-30 08:26:42 -----Epoch 315/499-----
09-30 08:32:22 Epoch 315 Train, Loss: 1.92, MSE: 18.19 MAE: 3.93, Cost 340.6 sec
09-30 08:37:59 val Epoch 315, MSE: 461.56 MAE: 68.32, Cost 336.2 sec
09-30 08:37:59 Val: Best Epoch 310 Val, MSE: 384.93 MAE: 61.99, Cost 336.3 sec
09-30 08:37:59 -----Epoch 316/499-----
09-30 08:45:05 Epoch 316 Train, Loss: 1.88, MSE: 19.02 MAE: 4.45, Cost 426.0 sec
09-30 08:45:06 -----Epoch 317/499-----
09-30 08:50:44 Epoch 317 Train, Loss: 1.81, MSE: 15.26 MAE: 4.02, Cost 338.8 sec
09-30 08:50:45 -----Epoch 318/499-----
09-30 08:57:19 Epoch 318 Train, Loss: 1.95, MSE: 17.72 MAE: 4.54, Cost 394.4 sec
09-30 08:57:20 -----Epoch 319/499-----
09-30 09:03:56 Epoch 319 Train, Loss: 2.17, MSE: 30.22 MAE: 4.99, Cost 395.8 sec
09-30 09:03:57 -----Epoch 320/499-----
09-30 09:09:44 Epoch 320 Train, Loss: 2.03, MSE: 23.33 MAE: 4.69, Cost 347.4 sec
09-30 09:15:28 val Epoch 320, MSE: 489.66 MAE: 73.80, Cost 343.6 sec
09-30 09:15:28 Val: Best Epoch 310 Val, MSE: 384.93 MAE: 61.99, Cost 343.6 sec
09-30 09:15:28 -----Epoch 321/499-----
09-30 09:21:35 Epoch 321 Train, Loss: 1.89, MSE: 15.17 MAE: 4.21, Cost 366.9 sec
09-30 09:21:35 -----Epoch 322/499-----
09-30 09:27:56 Epoch 322 Train, Loss: 1.98, MSE: 23.22 MAE: 4.85, Cost 381.0 sec
09-30 09:27:57 -----Epoch 323/499-----
09-30 09:34:56 Epoch 323 Train, Loss: 2.08, MSE: 36.01 MAE: 5.25, Cost 418.7 sec
09-30 09:34:56 -----Epoch 324/499-----
09-30 09:40:33 Epoch 324 Train, Loss: 1.90, MSE: 15.52 MAE: 4.07, Cost 336.8 sec
09-30 09:40:34 -----Epoch 325/499-----
09-30 09:47:22 Epoch 325 Train, Loss: 1.87, MSE: 16.94 MAE: 4.27, Cost 407.9 sec
09-30 09:53:43 val Epoch 325, MSE: 404.27 MAE: 62.33, Cost 381.1 sec
09-30 09:53:43 Val: Best Epoch 310 Val, MSE: 384.93 MAE: 61.99, Cost 381.1 sec
09-30 09:53:43 -----Epoch 326/499-----
09-30 10:00:30 Epoch 326 Train, Loss: 1.99, MSE: 28.15 MAE: 5.07, Cost 406.7 sec
09-30 10:00:31 -----Epoch 327/499-----
09-30 10:07:31 Epoch 327 Train, Loss: 2.09, MSE: 24.25 MAE: 4.68, Cost 420.2 sec
09-30 10:07:31 -----Epoch 328/499-----
09-30 10:13:07 Epoch 328 Train, Loss: 1.91, MSE: 17.61 MAE: 4.20, Cost 336.2 sec
09-30 10:13:08 -----Epoch 329/499-----
09-30 10:19:49 Epoch 329 Train, Loss: 1.80, MSE: 13.04 MAE: 3.79, Cost 401.5 sec
09-30 10:19:50 -----Epoch 330/499-----
09-30 10:26:31 Epoch 330 Train, Loss: 1.82, MSE: 15.24 MAE: 4.09, Cost 400.9 sec
09-30 10:36:14 val Epoch 330, MSE: 428.40 MAE: 73.02, Cost 582.4 sec
09-30 10:36:14 Val: Best Epoch 310 Val, MSE: 384.93 MAE: 61.99, Cost 582.5 sec
09-30 10:36:14 -----Epoch 331/499-----
09-30 10:42:33 Epoch 331 Train, Loss: 2.34, MSE: 60.86 MAE: 5.23, Cost 379.4 sec
09-30 10:42:34 -----Epoch 332/499-----
09-30 10:48:21 Epoch 332 Train, Loss: 1.92, MSE: 23.67 MAE: 4.14, Cost 347.0 sec
09-30 10:48:22 -----Epoch 333/499-----
09-30 10:55:48 Epoch 333 Train, Loss: 2.05, MSE: 22.88 MAE: 4.83, Cost 446.2 sec
09-30 10:55:49 -----Epoch 334/499-----
09-30 11:01:33 Epoch 334 Train, Loss: 2.24, MSE: 50.89 MAE: 5.29, Cost 344.6 sec
09-30 11:01:34 -----Epoch 335/499-----
09-30 11:08:38 Epoch 335 Train, Loss: 1.86, MSE: 11.87 MAE: 3.81, Cost 424.8 sec
09-30 11:15:44 val Epoch 335, MSE: 454.88 MAE: 69.19, Cost 424.8 sec
09-30 11:15:44 Val: Best Epoch 310 Val, MSE: 384.93 MAE: 61.99, Cost 424.8 sec
09-30 11:15:44 -----Epoch 336/499-----
09-30 11:21:56 Epoch 336 Train, Loss: 1.83, MSE: 21.25 MAE: 4.01, Cost 372.4 sec
09-30 11:21:57 -----Epoch 337/499-----
09-30 11:29:20 Epoch 337 Train, Loss: 1.92, MSE: 12.27 MAE: 3.87, Cost 443.3 sec
09-30 11:29:21 -----Epoch 338/499-----
09-30 11:35:23 Epoch 338 Train, Loss: 1.90, MSE: 14.35 MAE: 4.19, Cost 362.1 sec
09-30 11:35:23 -----Epoch 339/499-----
09-30 11:41:39 Epoch 339 Train, Loss: 1.96, MSE: 22.90 MAE: 4.54, Cost 375.4 sec
09-30 11:41:39 -----Epoch 340/499-----
09-30 11:48:39 Epoch 340 Train, Loss: 1.92, MSE: 31.09 MAE: 4.62, Cost 420.0 sec
09-30 11:54:31 val Epoch 340, MSE: 495.60 MAE: 71.85, Cost 350.7 sec
09-30 11:54:31 Val: Best Epoch 310 Val, MSE: 384.93 MAE: 61.99, Cost 350.8 sec
09-30 11:54:31 -----Epoch 341/499-----
09-30 12:01:49 Epoch 341 Train, Loss: 1.89, MSE: 23.06 MAE: 4.44, Cost 438.3 sec
09-30 12:01:50 -----Epoch 342/499-----
09-30 12:08:43 Epoch 342 Train, Loss: 1.81, MSE: 15.82 MAE: 4.01, Cost 413.2 sec
09-30 12:08:43 -----Epoch 343/499-----
09-30 12:13:59 Epoch 343 Train, Loss: 2.09, MSE: 31.95 MAE: 5.04, Cost 316.2 sec
09-30 12:14:00 -----Epoch 344/499-----
09-30 12:19:34 Epoch 344 Train, Loss: 1.99, MSE: 26.65 MAE: 4.43, Cost 334.5 sec
09-30 12:19:35 -----Epoch 345/499-----
09-30 12:25:09 Epoch 345 Train, Loss: 2.17, MSE: 36.75 MAE: 5.24, Cost 333.8 sec
09-30 12:28:00 val Epoch 345, MSE: 326.81 MAE: 84.52, Cost 171.0 sec
09-30 12:28:00 Val: Best Epoch 310 Val, MSE: 384.93 MAE: 61.99, Cost 171.0 sec
09-30 12:28:00 -----Epoch 346/499-----
09-30 12:33:27 Epoch 346 Train, Loss: 1.97, MSE: 21.59 MAE: 4.57, Cost 326.3 sec
09-30 12:33:27 -----Epoch 347/499-----
09-30 12:39:02 Epoch 347 Train, Loss: 1.91, MSE: 19.47 MAE: 4.19, Cost 334.8 sec
09-30 12:39:03 -----Epoch 348/499-----
09-30 12:44:38 Epoch 348 Train, Loss: 1.84, MSE: 19.17 MAE: 4.26, Cost 335.1 sec
09-30 12:44:38 -----Epoch 349/499-----
09-30 12:50:09 Epoch 349 Train, Loss: 2.05, MSE: 20.68 MAE: 4.44, Cost 331.0 sec
09-30 12:50:10 -----Epoch 350/499-----
09-30 12:55:35 Epoch 350 Train, Loss: 1.91, MSE: 22.18 MAE: 4.47, Cost 325.2 sec
09-30 12:58:28 val Epoch 350, MSE: 400.82 MAE: 65.78, Cost 172.0 sec
09-30 12:58:28 Val: Best Epoch 310 Val, MSE: 384.93 MAE: 61.99, Cost 172.0 sec
09-30 12:58:28 -----Epoch 351/499-----
09-30 13:04:01 Epoch 351 Train, Loss: 1.98, MSE: 33.02 MAE: 4.96, Cost 333.2 sec
09-30 13:04:01 -----Epoch 352/499-----
09-30 13:09:36 Epoch 352 Train, Loss: 1.85, MSE: 15.68 MAE: 4.07, Cost 335.0 sec
09-30 13:09:37 -----Epoch 353/499-----
09-30 13:15:04 Epoch 353 Train, Loss: 1.88, MSE: 14.88 MAE: 4.19, Cost 327.5 sec
09-30 13:15:05 -----Epoch 354/499-----
09-30 13:20:38 Epoch 354 Train, Loss: 1.83, MSE: 19.27 MAE: 4.29, Cost 333.0 sec
09-30 13:20:39 -----Epoch 355/499-----
09-30 13:26:06 Epoch 355 Train, Loss: 1.86, MSE: 17.84 MAE: 4.22, Cost 327.0 sec
09-30 13:28:57 val Epoch 355, MSE: 484.38 MAE: 69.28, Cost 170.7 sec
09-30 13:28:57 Val: Best Epoch 310 Val, MSE: 384.93 MAE: 61.99, Cost 170.7 sec
09-30 13:28:57 -----Epoch 356/499-----
09-30 13:34:23 Epoch 356 Train, Loss: 1.98, MSE: 27.42 MAE: 5.06, Cost 326.3 sec
09-30 13:34:24 -----Epoch 357/499-----
09-30 13:39:48 Epoch 357 Train, Loss: 1.80, MSE: 12.73 MAE: 3.87, Cost 324.6 sec
09-30 13:39:49 -----Epoch 358/499-----
09-30 13:45:21 Epoch 358 Train, Loss: 1.99, MSE: 16.98 MAE: 4.38, Cost 332.5 sec
09-30 13:45:22 -----Epoch 359/499-----
09-30 13:50:56 Epoch 359 Train, Loss: 1.89, MSE: 28.95 MAE: 4.44, Cost 334.0 sec
09-30 13:50:56 -----Epoch 360/499-----
09-30 13:56:24 Epoch 360 Train, Loss: 2.42, MSE: 34.83 MAE: 5.63, Cost 327.7 sec
09-30 13:59:18 val Epoch 360, MSE: 464.10 MAE: 66.32, Cost 173.5 sec
09-30 13:59:18 Val: Best Epoch 310 Val, MSE: 384.93 MAE: 61.99, Cost 173.5 sec
09-30 13:59:18 -----Epoch 361/499-----
09-30 14:04:41 Epoch 361 Train, Loss: 1.77, MSE: 12.32 MAE: 3.64, Cost 322.9 sec
09-30 14:04:42 -----Epoch 362/499-----
09-30 14:10:14 Epoch 362 Train, Loss: 1.85, MSE: 18.34 MAE: 4.13, Cost 332.2 sec
09-30 14:10:15 -----Epoch 363/499-----
09-30 14:15:44 Epoch 363 Train, Loss: 1.81, MSE: 18.31 MAE: 3.98, Cost 329.5 sec
09-30 14:15:45 -----Epoch 364/499-----
09-30 14:21:15 Epoch 364 Train, Loss: 2.22, MSE: 34.02 MAE: 5.23, Cost 330.5 sec
09-30 14:21:16 -----Epoch 365/499-----
09-30 14:26:37 Epoch 365 Train, Loss: 1.93, MSE: 17.35 MAE: 4.29, Cost 320.8 sec
09-30 14:29:29 val Epoch 365, MSE: 492.06 MAE: 66.53, Cost 171.6 sec
09-30 14:29:29 Val: Best Epoch 310 Val, MSE: 384.93 MAE: 61.99, Cost 171.6 sec
09-30 14:29:29 -----Epoch 366/499-----
09-30 14:34:49 Epoch 366 Train, Loss: 1.79, MSE: 12.73 MAE: 3.71, Cost 320.2 sec
09-30 14:34:49 -----Epoch 367/499-----
09-30 14:40:13 Epoch 367 Train, Loss: 1.93, MSE: 28.41 MAE: 4.74, Cost 324.1 sec
09-30 14:40:14 -----Epoch 368/499-----
09-30 14:45:42 Epoch 368 Train, Loss: 1.85, MSE: 14.37 MAE: 4.03, Cost 328.7 sec
09-30 14:45:43 -----Epoch 369/499-----
09-30 14:51:17 Epoch 369 Train, Loss: 1.90, MSE: 23.70 MAE: 4.42, Cost 334.4 sec
09-30 14:51:18 -----Epoch 370/499-----
09-30 14:56:50 Epoch 370 Train, Loss: 1.81, MSE: 19.23 MAE: 4.01, Cost 332.4 sec
09-30 14:59:37 val Epoch 370, MSE: 409.68 MAE: 60.79, Cost 165.6 sec
09-30 14:59:37 val save best mse 409.68 mae 60.79 model epoch 370
09-30 14:59:37 Val: Best Epoch 370 Val, MSE: 409.68 MAE: 60.79, Cost 166.1 sec
09-30 14:59:37 -----Epoch 371/499-----
09-30 15:03:12 Epoch 371 Train, Loss: 1.83, MSE: 17.61 MAE: 4.02, Cost 214.8 sec
09-30 15:03:12 -----Epoch 372/499-----
09-30 15:06:42 Epoch 372 Train, Loss: 1.77, MSE: 11.93 MAE: 3.75, Cost 209.7 sec
09-30 15:06:42 -----Epoch 373/499-----
09-30 15:10:16 Epoch 373 Train, Loss: 1.94, MSE: 22.87 MAE: 4.21, Cost 214.2 sec
09-30 15:10:17 -----Epoch 374/499-----
09-30 15:13:48 Epoch 374 Train, Loss: 1.85, MSE: 19.85 MAE: 4.07, Cost 211.6 sec
09-30 15:13:49 -----Epoch 375/499-----
09-30 15:19:59 Epoch 375 Train, Loss: 2.00, MSE: 19.16 MAE: 4.32, Cost 370.4 sec
09-30 15:22:41 val Epoch 375, MSE: 318.68 MAE: 67.22, Cost 161.2 sec
09-30 15:22:41 Val: Best Epoch 370 Val, MSE: 409.68 MAE: 60.79, Cost 161.2 sec
09-30 15:22:41 -----Epoch 376/499-----
09-30 15:26:10 Epoch 376 Train, Loss: 1.79, MSE: 11.88 MAE: 3.69, Cost 209.5 sec
09-30 15:26:10 -----Epoch 377/499-----
09-30 15:29:40 Epoch 377 Train, Loss: 1.94, MSE: 31.45 MAE: 5.13, Cost 209.5 sec
09-30 15:29:40 -----Epoch 378/499-----
09-30 15:34:34 Epoch 378 Train, Loss: 1.84, MSE: 14.38 MAE: 4.08, Cost 294.0 sec
09-30 15:34:35 -----Epoch 379/499-----
09-30 15:41:25 Epoch 379 Train, Loss: 1.86, MSE: 20.36 MAE: 4.16, Cost 410.0 sec
09-30 15:41:26 -----Epoch 380/499-----
09-30 15:48:47 Epoch 380 Train, Loss: 1.78, MSE: 11.71 MAE: 3.63, Cost 440.9 sec
09-30 15:55:28 val Epoch 380, MSE: 553.68 MAE: 96.65, Cost 399.9 sec
09-30 15:55:28 Val: Best Epoch 370 Val, MSE: 409.68 MAE: 60.79, Cost 400.0 sec
09-30 15:55:28 -----Epoch 381/499-----
09-30 16:01:52 Epoch 381 Train, Loss: 1.80, MSE: 14.76 MAE: 4.03, Cost 384.0 sec
09-30 16:01:52 -----Epoch 382/499-----
09-30 16:09:16 Epoch 382 Train, Loss: 1.92, MSE: 21.38 MAE: 4.60, Cost 443.8 sec
09-30 16:09:17 -----Epoch 383/499-----
09-30 16:15:08 Epoch 383 Train, Loss: 1.84, MSE: 26.30 MAE: 4.04, Cost 351.2 sec
09-30 16:15:08 -----Epoch 384/499-----
09-30 16:21:31 Epoch 384 Train, Loss: 1.83, MSE: 16.50 MAE: 4.04, Cost 382.3 sec
09-30 16:21:31 -----Epoch 385/499-----
09-30 16:28:19 Epoch 385 Train, Loss: 1.78, MSE: 15.08 MAE: 3.95, Cost 408.1 sec
09-30 16:33:19 val Epoch 385, MSE: 408.56 MAE: 70.92, Cost 298.6 sec
09-30 16:33:19 Val: Best Epoch 370 Val, MSE: 409.68 MAE: 60.79, Cost 298.6 sec
09-30 16:33:19 -----Epoch 386/499-----
09-30 16:40:29 Epoch 386 Train, Loss: 1.91, MSE: 20.61 MAE: 4.38, Cost 430.4 sec
09-30 16:40:30 -----Epoch 387/499-----
09-30 16:46:13 Epoch 387 Train, Loss: 1.99, MSE: 19.60 MAE: 4.50, Cost 343.0 sec
09-30 16:46:13 -----Epoch 388/499-----
09-30 16:51:56 Epoch 388 Train, Loss: 1.72, MSE: 11.28 MAE: 3.49, Cost 343.0 sec
09-30 16:51:57 -----Epoch 389/499-----
09-30 16:58:35 Epoch 389 Train, Loss: 1.81, MSE: 15.52 MAE: 4.07, Cost 397.5 sec
09-30 16:58:35 -----Epoch 390/499-----
09-30 17:04:02 Epoch 390 Train, Loss: 1.80, MSE: 12.89 MAE: 3.80, Cost 326.6 sec
09-30 17:07:01 val Epoch 390, MSE: 421.27 MAE: 64.14, Cost 178.6 sec
09-30 17:07:01 Val: Best Epoch 370 Val, MSE: 409.68 MAE: 60.79, Cost 178.7 sec
09-30 17:07:01 -----Epoch 391/499-----
09-30 17:13:20 Epoch 391 Train, Loss: 1.77, MSE: 9.94 MAE: 3.48, Cost 379.6 sec
09-30 17:13:21 -----Epoch 392/499-----
09-30 17:18:35 Epoch 392 Train, Loss: 2.00, MSE: 27.49 MAE: 4.74, Cost 313.8 sec
09-30 17:18:35 -----Epoch 393/499-----
09-30 17:23:59 Epoch 393 Train, Loss: 1.79, MSE: 18.52 MAE: 3.87, Cost 324.2 sec
09-30 17:24:00 -----Epoch 394/499-----
09-30 17:29:36 Epoch 394 Train, Loss: 1.72, MSE: 10.53 MAE: 3.37, Cost 336.4 sec
09-30 17:29:37 -----Epoch 395/499-----
09-30 17:35:52 Epoch 395 Train, Loss: 1.82, MSE: 22.39 MAE: 4.27, Cost 375.2 sec
09-30 17:38:49 val Epoch 395, MSE: 319.13 MAE: 68.16, Cost 176.3 sec
09-30 17:38:49 Val: Best Epoch 370 Val, MSE: 409.68 MAE: 60.79, Cost 176.3 sec
09-30 17:38:49 -----Epoch 396/499-----
09-30 17:44:51 Epoch 396 Train, Loss: 2.00, MSE: 40.85 MAE: 4.87, Cost 362.2 sec
09-30 17:44:51 -----Epoch 397/499-----
09-30 17:50:17 Epoch 397 Train, Loss: 1.78, MSE: 15.42 MAE: 3.86, Cost 326.1 sec
09-30 17:50:18 -----Epoch 398/499-----
09-30 17:55:48 Epoch 398 Train, Loss: 1.84, MSE: 22.06 MAE: 4.13, Cost 329.9 sec
09-30 17:55:48 -----Epoch 399/499-----
09-30 18:02:03 Epoch 399 Train, Loss: 1.78, MSE: 14.85 MAE: 3.68, Cost 374.2 sec
09-30 18:02:03 -----Epoch 400/499-----
09-30 18:07:26 Epoch 400 Train, Loss: 1.91, MSE: 29.61 MAE: 4.53, Cost 322.9 sec
09-30 18:10:16 val Epoch 400, MSE: 549.80 MAE: 77.40, Cost 169.8 sec
09-30 18:10:16 Val: Best Epoch 370 Val, MSE: 409.68 MAE: 60.79, Cost 169.8 sec
09-30 18:10:16 -----Epoch 401/499-----
09-30 18:15:45 Epoch 401 Train, Loss: 1.90, MSE: 15.66 MAE: 4.12, Cost 328.7 sec
09-30 18:15:45 -----Epoch 402/499-----
09-30 18:21:11 Epoch 402 Train, Loss: 1.76, MSE: 15.59 MAE: 3.88, Cost 325.4 sec
09-30 18:21:11 -----Epoch 403/499-----
09-30 18:26:41 Epoch 403 Train, Loss: 1.84, MSE: 23.58 MAE: 4.37, Cost 329.9 sec
09-30 18:26:42 -----Epoch 404/499-----
09-30 18:32:03 Epoch 404 Train, Loss: 1.81, MSE: 18.88 MAE: 3.99, Cost 321.3 sec
09-30 18:32:04 -----Epoch 405/499-----
09-30 18:37:20 Epoch 405 Train, Loss: 1.86, MSE: 17.84 MAE: 4.21, Cost 315.9 sec
09-30 18:40:11 val Epoch 405, MSE: 534.25 MAE: 78.77, Cost 171.2 sec
09-30 18:40:11 Val: Best Epoch 370 Val, MSE: 409.68 MAE: 60.79, Cost 171.2 sec
09-30 18:40:11 -----Epoch 406/499-----
09-30 18:45:39 Epoch 406 Train, Loss: 1.75, MSE: 14.09 MAE: 3.77, Cost 327.2 sec
09-30 18:45:39 -----Epoch 407/499-----
09-30 18:51:01 Epoch 407 Train, Loss: 1.77, MSE: 12.24 MAE: 3.68, Cost 322.5 sec
09-30 18:51:02 -----Epoch 408/499-----
09-30 18:56:24 Epoch 408 Train, Loss: 1.85, MSE: 19.82 MAE: 4.39, Cost 322.0 sec
09-30 18:56:24 -----Epoch 409/499-----
09-30 19:01:56 Epoch 409 Train, Loss: 1.98, MSE: 19.24 MAE: 4.45, Cost 331.2 sec
09-30 19:01:56 -----Epoch 410/499-----
09-30 19:07:26 Epoch 410 Train, Loss: 1.69, MSE: 12.48 MAE: 3.42, Cost 329.7 sec
09-30 19:10:57 val Epoch 410, MSE: 538.54 MAE: 79.95, Cost 210.8 sec
09-30 19:10:57 Val: Best Epoch 370 Val, MSE: 409.68 MAE: 60.79, Cost 210.8 sec
09-30 19:10:57 -----Epoch 411/499-----
09-30 19:16:48 Epoch 411 Train, Loss: 1.99, MSE: 19.94 MAE: 4.56, Cost 350.5 sec
09-30 19:16:48 -----Epoch 412/499-----
09-30 19:22:13 Epoch 412 Train, Loss: 1.76, MSE: 21.23 MAE: 3.78, Cost 325.1 sec
09-30 19:22:14 -----Epoch 413/499-----
09-30 19:27:40 Epoch 413 Train, Loss: 1.75, MSE: 14.25 MAE: 3.78, Cost 325.6 sec
09-30 19:27:40 -----Epoch 414/499-----
09-30 19:33:00 Epoch 414 Train, Loss: 1.82, MSE: 15.70 MAE: 3.95, Cost 319.6 sec
09-30 19:33:00 -----Epoch 415/499-----
09-30 19:38:27 Epoch 415 Train, Loss: 1.88, MSE: 19.77 MAE: 4.21, Cost 327.0 sec
09-30 19:41:23 val Epoch 415, MSE: 397.16 MAE: 64.48, Cost 175.5 sec
09-30 19:41:23 Val: Best Epoch 370 Val, MSE: 409.68 MAE: 60.79, Cost 175.5 sec
09-30 19:41:23 -----Epoch 416/499-----
09-30 19:47:08 Epoch 416 Train, Loss: 1.78, MSE: 15.30 MAE: 3.79, Cost 344.8 sec
09-30 19:47:09 -----Epoch 417/499-----
09-30 19:52:38 Epoch 417 Train, Loss: 1.78, MSE: 16.08 MAE: 3.95, Cost 329.2 sec
09-30 19:52:39 -----Epoch 418/499-----
09-30 19:58:02 Epoch 418 Train, Loss: 1.84, MSE: 16.37 MAE: 4.18, Cost 323.1 sec
09-30 19:58:02 -----Epoch 419/499-----
09-30 20:03:27 Epoch 419 Train, Loss: 1.74, MSE: 12.36 MAE: 3.57, Cost 324.7 sec
09-30 20:03:28 -----Epoch 420/499-----
09-30 20:08:59 Epoch 420 Train, Loss: 1.73, MSE: 14.10 MAE: 3.71, Cost 331.1 sec
09-30 20:11:50 val Epoch 420, MSE: 462.95 MAE: 75.26, Cost 170.9 sec
09-30 20:11:50 Val: Best Epoch 370 Val, MSE: 409.68 MAE: 60.79, Cost 170.9 sec
09-30 20:11:50 -----Epoch 421/499-----
09-30 20:17:22 Epoch 421 Train, Loss: 1.76, MSE: 18.67 MAE: 4.11, Cost 331.5 sec
09-30 20:17:22 -----Epoch 422/499-----
09-30 20:22:39 Epoch 422 Train, Loss: 1.97, MSE: 29.22 MAE: 4.74, Cost 317.1 sec
09-30 20:22:39 -----Epoch 423/499-----
09-30 20:27:56 Epoch 423 Train, Loss: 1.81, MSE: 22.38 MAE: 4.17, Cost 316.2 sec
09-30 20:27:56 -----Epoch 424/499-----
09-30 20:33:23 Epoch 424 Train, Loss: 1.85, MSE: 16.02 MAE: 4.04, Cost 326.6 sec
09-30 20:33:23 -----Epoch 425/499-----
09-30 20:38:54 Epoch 425 Train, Loss: 1.84, MSE: 22.12 MAE: 4.14, Cost 330.9 sec
09-30 20:41:47 val Epoch 425, MSE: 458.57 MAE: 72.12, Cost 172.1 sec
09-30 20:41:47 Val: Best Epoch 370 Val, MSE: 409.68 MAE: 60.79, Cost 172.1 sec
09-30 20:41:47 -----Epoch 426/499-----
09-30 20:47:16 Epoch 426 Train, Loss: 1.71, MSE: 10.65 MAE: 3.37, Cost 329.0 sec
09-30 20:47:16 -----Epoch 427/499-----
09-30 20:52:47 Epoch 427 Train, Loss: 1.70, MSE: 11.68 MAE: 3.36, Cost 330.8 sec
09-30 20:52:48 -----Epoch 428/499-----
09-30 20:58:14 Epoch 428 Train, Loss: 1.70, MSE: 9.45 MAE: 3.35, Cost 326.4 sec
09-30 20:58:14 -----Epoch 429/499-----
09-30 21:03:38 Epoch 429 Train, Loss: 1.88, MSE: 27.60 MAE: 4.53, Cost 323.3 sec
09-30 21:03:38 -----Epoch 430/499-----
09-30 21:09:01 Epoch 430 Train, Loss: 1.91, MSE: 25.95 MAE: 4.41, Cost 323.1 sec
09-30 21:11:53 val Epoch 430, MSE: 526.14 MAE: 68.81, Cost 171.1 sec
09-30 21:11:53 Val: Best Epoch 370 Val, MSE: 409.68 MAE: 60.79, Cost 171.2 sec
09-30 21:11:53 -----Epoch 431/499-----
09-30 21:17:13 Epoch 431 Train, Loss: 1.79, MSE: 16.33 MAE: 3.84, Cost 319.8 sec
09-30 21:17:13 -----Epoch 432/499-----
09-30 21:22:44 Epoch 432 Train, Loss: 1.79, MSE: 16.03 MAE: 3.89, Cost 331.0 sec
09-30 21:22:45 -----Epoch 433/499-----
09-30 21:28:16 Epoch 433 Train, Loss: 1.82, MSE: 30.30 MAE: 4.35, Cost 331.2 sec
09-30 21:28:17 -----Epoch 434/499-----
09-30 21:33:45 Epoch 434 Train, Loss: 1.74, MSE: 16.63 MAE: 3.63, Cost 328.3 sec
09-30 21:33:46 -----Epoch 435/499-----
09-30 21:39:07 Epoch 435 Train, Loss: 1.87, MSE: 25.79 MAE: 4.25, Cost 321.7 sec
09-30 21:41:58 val Epoch 435, MSE: 368.76 MAE: 58.10, Cost 170.5 sec
09-30 21:41:58 val save best mse 368.76 mae 58.10 model epoch 435
09-30 21:41:58 Val: Best Epoch 435 Val, MSE: 368.76 MAE: 58.10, Cost 170.7 sec
09-30 21:41:58 -----Epoch 436/499-----
09-30 21:47:23 Epoch 436 Train, Loss: 1.87, MSE: 26.04 MAE: 4.36, Cost 325.0 sec
09-30 21:47:24 -----Epoch 437/499-----
09-30 21:52:49 Epoch 437 Train, Loss: 1.76, MSE: 16.73 MAE: 3.70, Cost 324.8 sec
09-30 21:52:49 -----Epoch 438/499-----
09-30 21:58:19 Epoch 438 Train, Loss: 1.81, MSE: 16.52 MAE: 3.98, Cost 329.3 sec
09-30 21:58:19 -----Epoch 439/499-----
09-30 22:03:50 Epoch 439 Train, Loss: 1.86, MSE: 24.89 MAE: 4.21, Cost 330.3 sec
09-30 22:03:50 -----Epoch 440/499-----
09-30 22:09:21 Epoch 440 Train, Loss: 1.68, MSE: 12.86 MAE: 3.50, Cost 331.4 sec
09-30 22:12:12 val Epoch 440, MSE: 418.84 MAE: 67.60, Cost 170.4 sec
09-30 22:12:12 Val: Best Epoch 435 Val, MSE: 368.76 MAE: 58.10, Cost 170.4 sec
09-30 22:12:12 -----Epoch 441/499-----
09-30 22:17:35 Epoch 441 Train, Loss: 1.65, MSE: 12.27 MAE: 3.42, Cost 322.8 sec
09-30 22:17:36 -----Epoch 442/499-----
09-30 22:22:55 Epoch 442 Train, Loss: 1.73, MSE: 10.51 MAE: 3.39, Cost 319.0 sec
09-30 22:22:55 -----Epoch 443/499-----
09-30 22:28:17 Epoch 443 Train, Loss: 1.83, MSE: 19.53 MAE: 4.23, Cost 322.0 sec
09-30 22:28:18 -----Epoch 444/499-----
09-30 22:33:48 Epoch 444 Train, Loss: 1.76, MSE: 18.21 MAE: 3.94, Cost 330.4 sec
09-30 22:33:49 -----Epoch 445/499-----
09-30 22:39:19 Epoch 445 Train, Loss: 1.71, MSE: 13.95 MAE: 3.49, Cost 330.6 sec
09-30 22:42:11 val Epoch 445, MSE: 217.42 MAE: 54.10, Cost 171.2 sec
09-30 22:42:11 val save best mse 217.42 mae 54.10 model epoch 445
09-30 22:42:11 Val: Best Epoch 445 Val, MSE: 217.42 MAE: 54.10, Cost 171.4 sec
09-30 22:42:11 -----Epoch 446/499-----
09-30 22:47:39 Epoch 446 Train, Loss: 1.78, MSE: 25.03 MAE: 4.26, Cost 327.7 sec
09-30 22:47:40 -----Epoch 447/499-----
09-30 22:53:02 Epoch 447 Train, Loss: 1.69, MSE: 14.15 MAE: 3.51, Cost 322.8 sec
09-30 22:53:03 -----Epoch 448/499-----
09-30 22:58:23 Epoch 448 Train, Loss: 1.80, MSE: 16.84 MAE: 3.70, Cost 320.0 sec
09-30 22:58:23 -----Epoch 449/499-----
09-30 23:03:47 Epoch 449 Train, Loss: 1.73, MSE: 14.72 MAE: 3.64, Cost 324.0 sec
09-30 23:03:48 -----Epoch 450/499-----
09-30 23:09:19 Epoch 450 Train, Loss: 1.67, MSE: 11.66 MAE: 3.33, Cost 331.4 sec
09-30 23:12:12 val Epoch 450, MSE: 386.12 MAE: 63.91, Cost 171.5 sec
09-30 23:12:12 Val: Best Epoch 445 Val, MSE: 217.42 MAE: 54.10, Cost 171.5 sec
09-30 23:12:12 -----Epoch 451/499-----
09-30 23:17:42 Epoch 451 Train, Loss: 1.92, MSE: 27.59 MAE: 4.50, Cost 330.9 sec
09-30 23:17:43 -----Epoch 452/499-----
09-30 23:23:14 Epoch 452 Train, Loss: 1.80, MSE: 26.54 MAE: 4.12, Cost 331.0 sec
09-30 23:23:15 -----Epoch 453/499-----
09-30 23:28:42 Epoch 453 Train, Loss: 1.96, MSE: 29.16 MAE: 4.20, Cost 327.5 sec
09-30 23:28:43 -----Epoch 454/499-----
09-30 23:34:03 Epoch 454 Train, Loss: 1.88, MSE: 20.93 MAE: 4.04, Cost 319.9 sec
09-30 23:34:03 -----Epoch 455/499-----
09-30 23:39:28 Epoch 455 Train, Loss: 1.83, MSE: 22.01 MAE: 4.39, Cost 324.9 sec
09-30 23:42:19 val Epoch 455, MSE: 475.97 MAE: 70.44, Cost 171.1 sec
09-30 23:42:19 Val: Best Epoch 445 Val, MSE: 217.42 MAE: 54.10, Cost 171.1 sec
09-30 23:42:19 -----Epoch 456/499-----
09-30 23:47:49 Epoch 456 Train, Loss: 1.69, MSE: 11.52 MAE: 3.40, Cost 329.9 sec
09-30 23:47:50 -----Epoch 457/499-----
09-30 23:53:20 Epoch 457 Train, Loss: 1.88, MSE: 20.89 MAE: 4.26, Cost 330.0 sec
09-30 23:53:20 -----Epoch 458/499-----
09-30 23:58:44 Epoch 458 Train, Loss: 1.69, MSE: 13.18 MAE: 3.58, Cost 323.7 sec
09-30 23:58:45 -----Epoch 459/499-----
10-01 00:04:15 Epoch 459 Train, Loss: 1.70, MSE: 12.98 MAE: 3.63, Cost 330.6 sec
10-01 00:04:16 -----Epoch 460/499-----
10-01 00:09:42 Epoch 460 Train, Loss: 1.75, MSE: 14.33 MAE: 3.66, Cost 325.9 sec
10-01 00:12:33 val Epoch 460, MSE: 493.21 MAE: 72.80, Cost 170.7 sec
10-01 00:12:33 Val: Best Epoch 445 Val, MSE: 217.42 MAE: 54.10, Cost 170.7 sec
10-01 00:12:33 -----Epoch 461/499-----
10-01 00:17:54 Epoch 461 Train, Loss: 1.96, MSE: 20.22 MAE: 4.09, Cost 321.4 sec
10-01 00:17:55 -----Epoch 462/499-----
10-01 00:23:18 Epoch 462 Train, Loss: 1.69, MSE: 14.08 MAE: 3.53, Cost 323.4 sec
10-01 00:23:19 -----Epoch 463/499-----
10-01 00:28:45 Epoch 463 Train, Loss: 1.74, MSE: 16.13 MAE: 3.91, Cost 326.2 sec
10-01 00:28:46 -----Epoch 464/499-----
10-01 00:34:17 Epoch 464 Train, Loss: 1.94, MSE: 44.51 MAE: 4.73, Cost 331.5 sec
10-01 00:34:18 -----Epoch 465/499-----
10-01 00:39:48 Epoch 465 Train, Loss: 1.75, MSE: 21.91 MAE: 3.69, Cost 330.0 sec
10-01 00:42:42 val Epoch 465, MSE: 471.61 MAE: 62.73, Cost 174.2 sec
10-01 00:42:43 Val: Best Epoch 445 Val, MSE: 217.42 MAE: 54.10, Cost 174.2 sec
10-01 00:42:43 -----Epoch 466/499-----
10-01 00:48:32 Epoch 466 Train, Loss: 1.77, MSE: 15.00 MAE: 3.71, Cost 349.8 sec
10-01 00:48:33 -----Epoch 467/499-----
10-01 00:53:57 Epoch 467 Train, Loss: 1.79, MSE: 31.79 MAE: 4.06, Cost 324.3 sec
10-01 00:53:58 -----Epoch 468/499-----
10-01 00:59:23 Epoch 468 Train, Loss: 1.67, MSE: 11.81 MAE: 3.33, Cost 325.2 sec
10-01 00:59:23 -----Epoch 469/499-----
10-01 01:04:56 Epoch 469 Train, Loss: 1.70, MSE: 17.96 MAE: 3.70, Cost 332.3 sec
10-01 01:04:56 -----Epoch 470/499-----
10-01 01:10:23 Epoch 470 Train, Loss: 1.75, MSE: 14.38 MAE: 3.47, Cost 326.9 sec
10-01 01:13:16 val Epoch 470, MSE: 573.00 MAE: 87.62, Cost 172.0 sec
10-01 01:13:16 Val: Best Epoch 445 Val, MSE: 217.42 MAE: 54.10, Cost 172.0 sec
10-01 01:13:16 -----Epoch 471/499-----
10-01 01:18:40 Epoch 471 Train, Loss: 1.90, MSE: 29.84 MAE: 4.32, Cost 324.0 sec
10-01 01:18:40 -----Epoch 472/499-----
10-01 01:24:03 Epoch 472 Train, Loss: 1.70, MSE: 16.32 MAE: 3.79, Cost 322.8 sec
10-01 01:24:03 -----Epoch 473/499-----
10-01 01:29:33 Epoch 473 Train, Loss: 1.65, MSE: 14.98 MAE: 3.61, Cost 329.3 sec
10-01 01:29:33 -----Epoch 474/499-----
10-01 01:34:50 Epoch 474 Train, Loss: 1.75, MSE: 18.07 MAE: 4.11, Cost 316.5 sec
10-01 01:34:50 -----Epoch 475/499-----
10-01 01:40:22 Epoch 475 Train, Loss: 1.75, MSE: 17.88 MAE: 3.89, Cost 331.6 sec
10-01 01:43:15 val Epoch 475, MSE: 406.78 MAE: 58.82, Cost 172.2 sec
10-01 01:43:15 Val: Best Epoch 445 Val, MSE: 217.42 MAE: 54.10, Cost 172.2 sec
10-01 01:43:15 -----Epoch 476/499-----
10-01 01:48:28 Epoch 476 Train, Loss: 1.94, MSE: 27.59 MAE: 4.34, Cost 313.4 sec
10-01 01:48:29 -----Epoch 477/499-----
10-01 01:53:47 Epoch 477 Train, Loss: 1.82, MSE: 16.93 MAE: 3.88, Cost 318.7 sec
10-01 01:53:48 -----Epoch 478/499-----
10-01 01:59:14 Epoch 478 Train, Loss: 1.70, MSE: 10.79 MAE: 3.12, Cost 326.2 sec
10-01 01:59:15 -----Epoch 479/499-----
10-01 02:04:25 Epoch 479 Train, Loss: 1.67, MSE: 10.69 MAE: 3.19, Cost 310.1 sec
10-01 02:04:25 -----Epoch 480/499-----
10-01 02:09:44 Epoch 480 Train, Loss: 1.72, MSE: 17.24 MAE: 3.72, Cost 318.6 sec
10-01 02:12:36 val Epoch 480, MSE: 510.19 MAE: 68.43, Cost 171.2 sec
10-01 02:12:36 Val: Best Epoch 445 Val, MSE: 217.42 MAE: 54.10, Cost 171.2 sec
10-01 02:12:36 -----Epoch 481/499-----
10-01 02:17:59 Epoch 481 Train, Loss: 1.80, MSE: 17.42 MAE: 3.80, Cost 323.0 sec
10-01 02:17:59 -----Epoch 482/499-----
10-01 02:23:23 Epoch 482 Train, Loss: 1.75, MSE: 13.06 MAE: 3.56, Cost 323.4 sec
10-01 02:23:23 -----Epoch 483/499-----
10-01 02:28:31 Epoch 483 Train, Loss: 1.68, MSE: 13.19 MAE: 3.51, Cost 308.1 sec
10-01 02:28:32 -----Epoch 484/499-----
10-01 02:33:51 Epoch 484 Train, Loss: 1.78, MSE: 23.23 MAE: 4.16, Cost 319.5 sec
10-01 02:33:52 -----Epoch 485/499-----
10-01 02:39:19 Epoch 485 Train, Loss: 1.92, MSE: 44.39 MAE: 4.66, Cost 327.1 sec
10-01 02:42:12 val Epoch 485, MSE: 446.80 MAE: 83.72, Cost 172.3 sec
10-01 02:42:12 Val: Best Epoch 445 Val, MSE: 217.42 MAE: 54.10, Cost 172.3 sec
10-01 02:42:12 -----Epoch 486/499-----
10-01 02:47:29 Epoch 486 Train, Loss: 1.91, MSE: 27.51 MAE: 4.08, Cost 317.5 sec
10-01 02:47:30 -----Epoch 487/499-----
10-01 02:52:51 Epoch 487 Train, Loss: 1.71, MSE: 13.34 MAE: 3.55, Cost 321.2 sec
10-01 02:52:51 -----Epoch 488/499-----
10-01 02:58:20 Epoch 488 Train, Loss: 1.64, MSE: 15.22 MAE: 3.40, Cost 328.6 sec
10-01 02:58:21 -----Epoch 489/499-----
10-01 03:03:45 Epoch 489 Train, Loss: 1.85, MSE: 25.30 MAE: 4.03, Cost 324.5 sec
10-01 03:03:46 -----Epoch 490/499-----
10-01 03:09:08 Epoch 490 Train, Loss: 1.75, MSE: 20.16 MAE: 3.94, Cost 322.3 sec
10-01 03:12:01 val Epoch 490, MSE: 449.91 MAE: 76.31, Cost 172.3 sec
10-01 03:12:01 Val: Best Epoch 445 Val, MSE: 217.42 MAE: 54.10, Cost 172.3 sec
10-01 03:12:01 -----Epoch 491/499-----
10-01 03:17:26 Epoch 491 Train, Loss: 1.58, MSE: 10.04 MAE: 3.00, Cost 325.3 sec
10-01 03:17:27 -----Epoch 492/499-----
10-01 03:22:44 Epoch 492 Train, Loss: 1.81, MSE: 23.95 MAE: 4.23, Cost 316.9 sec
10-01 03:22:44 -----Epoch 493/499-----
10-01 03:28:07 Epoch 493 Train, Loss: 1.66, MSE: 14.27 MAE: 3.51, Cost 323.3 sec
10-01 03:28:08 -----Epoch 494/499-----
10-01 03:33:37 Epoch 494 Train, Loss: 1.81, MSE: 21.55 MAE: 3.97, Cost 329.6 sec
10-01 03:33:38 -----Epoch 495/499-----
10-01 03:39:04 Epoch 495 Train, Loss: 1.84, MSE: 29.33 MAE: 4.15, Cost 325.7 sec
10-01 03:41:55 val Epoch 495, MSE: 496.78 MAE: 75.37, Cost 170.5 sec
10-01 03:41:55 Val: Best Epoch 445 Val, MSE: 217.42 MAE: 54.10, Cost 170.5 sec
10-01 03:41:55 -----Epoch 496/499-----
10-01 03:47:15 Epoch 496 Train, Loss: 1.69, MSE: 12.00 MAE: 3.50, Cost 320.4 sec
10-01 03:47:16 -----Epoch 497/499-----
10-01 03:52:39 Epoch 497 Train, Loss: 1.69, MSE: 14.20 MAE: 3.63, Cost 323.4 sec
10-01 03:52:40 -----Epoch 498/499-----
10-01 03:57:57 Epoch 498 Train, Loss: 1.84, MSE: 19.91 MAE: 4.17, Cost 316.9 sec
10-01 03:57:57 -----Epoch 499/499-----
10-01 04:03:09 Epoch 499 Train, Loss: 1.60, MSE: 11.57 MAE: 3.12, Cost 312.1 sec
